# Start logging at 2021-01-11 21:32:40 E. South America Standard Time
[21:32:40] disconnected
[21:32:43] Now hosting SINXPLAYSBR.
[21:52:23] disconnected
[21:52:25] Now hosting SINXPLAYSBR.
[22:05:07] Exited host mode.
[22:05:39] bruninhoso7 is live
[22:05:50]  vindmr: oi
[22:05:57]  vindmr: blz ndrake
[22:06:15]  gearleep: Boa noite
[22:06:20]  pedromzn1: boa noite
[22:06:29]  akali_de_la_serre: boa noite
[22:06:33]  danielmpaiva02: Boa noite bolinho, boa noite chat
[22:06:35]  breno10fernandes: Coe cria
[22:06:59] disconnected
[22:07:08]  oandin: Cheer1 Senhor Bruno Somente Sete, bom dia
[22:07:09]  christiandavilla: boa noite Gominho
[22:07:11]  ajcsjwbia: roi
[22:07:24]  gearleep: Ta com uma qualidade só
[22:07:50]  lrenanvictorl: salveeeee
[22:07:52]  adriano_rod: boa noite bolinho amarelinho, boa noite chat hayaAmor
[22:08:12]  masonban: bolinho
[22:08:25]  ozura99: achei que ia estar morto hj
[22:08:25]  fernandosini: boa noite
[22:08:27]  lrenanvictorl: brunin10So7ou
[22:08:35]  tedthegr8: Cheer1 faaalaaa gaaaleeeeera Bruuninhôô çô 7 dii voolta tuudo belezaaah
[22:08:39]  lrenanvictorl: brunin10Soubenao
[22:08:39]  samumarques20: boa noite lindo
[22:08:39]  oandin: Boa noite
[22:08:41]  jean_jrr: boa noiteee, tô esperando desde nove e meia kkkkkk
[22:08:41]  masonban: kkkkkkkkkkkkkkk liiindo
[22:08:43]  araujo1761: boa noite
[22:08:43]  nome_aleatorio_png: Boa noite
[22:08:55]  jeor22: boa noite
[22:08:56]  vinimasao: boa noite so7! Boa noite chat!
[22:09:00]  masonban: boa gatao
[22:09:03]  nome_aleatorio_png: olha o so7 streamer
[22:09:03]  fernandosini: noite
[22:09:04]  masterfles2: voz gostosa...
[22:09:07]  jean_jrr: bem, gatão
[22:09:07]  masonban: com calor do kct
[22:09:11]  gearleep: Ta com uma qualidade
[22:09:13]  akali_de_la_serre: Frio dms
[22:09:15]  tedthegr8: Cheer1 não tenha dúvidas. como que foi o dia aí hoje?....... comeu o que de bom?
[22:09:18]  jean_jrr: voz delicia
[22:09:21]  panov3io: boa noite
[22:09:25]  lrenanvictorl: boa noite
[22:09:26]  jean_jrr: cadê o outro velho?
[22:09:35]  mdsjoao: alguem tem essa foto do so7 para me mandar por obsequio
[22:09:53]  pepeboladoo: o que ta rolando ? S07 fazendo live direto? 2021 ta estranho tambem
[22:10:07]  masonban: já cagou o horário
[22:10:08]  samumarques20: depois tem over né soseven?
[22:10:10]  araujo1761: vão jogar oq?
[22:10:15]  akali_de_la_serre: kkkk
[22:10:22]  ozura99: Pro streamer
[22:10:27]  turmadamao: nao era 21:30
[22:10:30]  vinimasao: parabéns SO7, que consiga manter o streak
[22:10:30]  jean_jrr: @araujo1761 RE5
[22:10:36]  jefff: Cheer1 Finalmente alguem abriu uma live boa pra assistir. Obrigado, Colono
[22:10:40]  oandin: Cheer1 2021 e So7 falando que não vai jogar overwatch
[22:10:43]  tedthegr8: Cheer1 se eu tivesse acordado e aberto a Twitch, eu veria o fim da live então. doidera isso aí.
[22:10:51]  gearleep: São 7 dias seguidos pra 2 meses de ausência vale a pena?
[22:10:51]  vitordalle: terminaram em que parte ontem ?
[22:10:51]  vindmr: kraio so7 faz nada e tá cançado
[22:10:58]  xulapa99: salve meu lindo, resident é nostálgico DMS
[22:11:21]  victorguiachetto: so7 ta no ritmo das lives kkkkk ta se inspirando no japones já
[22:11:25]  w3b3rth1: e aí fofo
[22:11:47]  oandin: Cheer1 Colonete ficou até as 07 ou 08 no re4, está uma maquina
[22:11:52]  jefff: Cheer1 pç pç pç pç pç pç pç
[22:12:06]  ojoseigor: Matando o PW 🙄
[22:12:21]  jeor22: ró
[22:12:27]  jaoj_: õr!
[22:12:41]  jaoj_: õr! @JeFFF copia e cola varias vezes
[22:12:42]  iagosbroglio: parabéns so7 não esqueceu um até agora
[22:12:46]  oandin: Cheer1 ró
[22:12:48]  jefff: Cheer1 õr! õr! õr! õr! õr! õr!
[22:12:57]  gearleep: Só funciona no rodrigo
[22:13:01]  pedromzn1: iae so7
[22:13:04]  hannigust: Cheer1 õr! õr! õr! õr! õr! õr!
[22:13:14]  bielmanzke: Oi fofo 🥰
[22:13:14]  jefff: ashusahusausa, miramo no porco e acertamos o so7 peidando
[22:13:18]  shogoamakusa: viado do mmarg abandonou nozes
[22:13:20]  jaoj_: esse fica bom no ricardo @BruninhoSO7
[22:13:29]  masonban: kkkkkkk ai é foda
[22:13:30]  jaoj_: na vitória não fica bom
[22:13:35]  iagosbroglio: kkkkkk
[22:13:37]  caiiiiooooo: Oi so7 lindo
[22:13:41]  berna_reis: boa noite, So7!
[22:13:54]  iagosbroglio: vai continuar no ritmo pra ganhar os subs?
[22:14:14]  gearleep: Ele leu o guia antes de vir jogar
[22:14:20]  iagosbroglio: kkkkkk
[22:14:25]  iagosbroglio: no fim
[22:14:31]  danxi_realoficial: depois de tanto tempo, vc ainda acredita nele?
[22:14:34]  felixfillipe: no hiroshimanagaZAP
[22:14:35]  pedromzn1: colono e velho ele deve demorar no mínimo 6 hrs no mercado kskskssksk
[22:14:42]  iagosbroglio: vcs jogaram 30 min depois que dormi kkk
[22:14:47]  fabiolucas_: deve ta comprando sorvete
[22:15:02]  danxi_realoficial: !sorvete
[22:15:03]  iagosbroglio: kkkkkk
[22:15:08]  berna_reis: hoje é oq?
[22:15:15]  jaoj_: @BruninhoSO7 coloca um bot pra ler msg com os pontos do chat, aí tu bota o ricardo pra ler que ele faz o porquinho EHUAHEUAHUEA
[22:15:22]  jhonnick: Ah não, eu ia estudar, mas agora sou obrigado a assistir live do bolinho... Boa noite <3
[22:15:22]  fadulzeras: faaaaala so7 meu gordinho lindo
[22:15:28]  hannigust: Cheer1 queria um sorvetinho
[22:15:54]  kzover5: so7 careca kkkkkkkkkkkkk
[22:16:19]  masonban: vitória
[22:16:20]  jhonnick: @kzover5 brunin10Calvo
[22:16:27]  vinigiovani22: Diga
[22:16:28]  jeor22: manda
[22:16:30]  gigio_____: por favor
[22:16:30]  masonban: não
[22:16:37]  felixfillipe: ta na hora de lustrar essa testa ai SoSeven
[22:16:38]  jaoj_: õr!
[22:16:45]  masonban: queeee
[22:16:47]  iagosbroglio: kkkkkkk tem o clip
[22:16:49]  rochacoelho11: hayaBurro hayaBurro hayaBurro
[22:16:51]  bruno13valerio: unica vitoria que o so7 tem na live
[22:16:52]  jeor22: kkkkk
[22:16:52]  jaoj_: trinta são todos ou tem que pegar os 30?
[22:16:53]  iagosbroglio: kkkkkkk
[22:16:55]  vinigiovani22: trinta
[22:17:00]  kngsorzz: Já não tem como
[22:17:03]  iagosbroglio: ele bugou hard
[22:17:05]  jhonnick: 9
[22:17:10]  lucas3hunna: Acho que 30
[22:17:11]  culiojezar: qual vai ser o game hj?
[22:17:15]  masonban: 3/7
[22:17:21]  gigio_____: tava cm o OBS desligado?
[22:17:21]  dozaruu: Overzin hoje?
[22:17:24]  brunothekiller: so7, manda um beijo pro fekst, ele tá vendo sua live
[22:17:26]  iagosbroglio: https://clips.twitch.tv/FairStupidCiderRickroll
[22:17:31]  iagosbroglio: olha ai
[22:17:34]  iagosbroglio: o 30
[22:17:42]  iagosbroglio: sim
[22:17:43]  yoshimura_edu: boa noite
[22:17:46]  gabito028: o que vai ter hoje ?
[22:17:49]  masonban: Beijo pro Jhalim Rhabei
[22:17:57]  ledaoud1: salve bruninho
[22:18:05]  vindmr: LUL
[22:18:14]  robertoducca: colono tava jogando 6 da matina resident evil
[22:18:23]  iagosbroglio: kkkkkkk
[22:18:26]  fernandomallet: 9h da manha colono tava on
[22:18:50]  jhonnick: esses velhos são doidos de dormir essas horas kkkk
[22:18:54]  bruno13valerio: vai chegar as 22:22
[22:18:56]  gabito028: qual a boa de hoje?
[22:19:02]  vindmr: Nenhuma supera o stolen falando no raip errado
[22:20:02]  lucas3hunna: Kkkkkkk
[22:20:06]  iagosbroglio: kkkkkk
[22:20:13]  jaoj_: !sozinho
[22:20:14]  ohigor_: GANHEI SOZINHOOOO
[22:20:22]  iagosbroglio: sozinho kkkkl
[22:20:26]  vinigiovani22: suhahushuahusuahshuauhs
[22:20:26]  gailahad: kkkkkkkkkkkkkkk
[22:20:27]  gigio_____: não eh atoa q foi o MVP de PW do ano
[22:20:32]  danxi_realoficial: ele precisou cortar o chat pra escutar vcs na comemoração
[22:20:36]  hannibalfront: Você ajudou ele a matar o Jeff e chama os outros de enrolados kkkkkk
[22:20:39]  lucas3hunna: Muito velho
[22:21:01]  tron_black: @BruninhoSO7 O senhor poderia tirar essas notificação vermelha tá dando toque
[22:21:12]  iagosbroglio: sim
[22:21:15]  athapl: elegância Colono
[22:21:27]  jhonnick: o pior é que não foi nem tipo, ele foi passar do lado mais acabou pisando na armadilha NÃO ele vai DIRETO nela ahushaushsushs
[22:21:36]  thbhgfddv: SO7, já jogou Occot day? tá de graca na Steam
[22:21:40]  gamalho1: ae so7, te amo
[22:21:46]  ph3lippe_: boa noite, bolinho e chat. só tem 720p60?
[22:21:47]  tron_black: Vc e mal e cruel @BruninhoSO7
[22:22:05]  gabito028: ou
[22:22:12]  gabito028: qual o game de hoje ?
[22:22:18]  jaoj_: é verdade, tá travado em 720 hj
[22:22:19]  guiimedeiiros: Iria ser a vingança do conto
[22:22:21]  iagosbroglio: twitch tá toda bugada hoje
[22:22:26]  jhonnick: @gabito028 Re5
[22:22:29]  iagosbroglio: por causa do maluco
[22:22:36]  iagosbroglio: que pegou 2 milhões
[22:22:38]  turmadamao: colono furao
[22:22:52]  quatyi: boa noite so7, vc viu que tem jogos da NBA cancelados por causa dos surtos de covid ?
[22:22:54]  gabito028: @jhonnick obrigado mano
[22:23:00]  tron_black: @IagoSbroglio Ele esqueceu algum emblema já ?
[22:23:01]  thbhgfddv: SO7, já jogou Occot day? tá de graca na Steam
[22:23:07]  hannibalfront: A qualidade de video pode nao estar a melhor, mas pelo menos a qualidade de gameplay também não é tao boa
[22:23:12]  iagosbroglio: @tron_black ainda não
[22:23:12]  ph3lippe_: @IagoSbroglio crl 2M simultâneos?
[22:23:18]  geovaneclipes: Boa noite Lenda
[22:23:20]  iagosbroglio: Tu viu a dublagem so7?
[22:23:23]  gabito028: te amo SO7
[22:23:27]  iagosbroglio: E muito ruim
[22:23:46]  gaspar_gaa: eai s07in
[22:23:49]  iagosbroglio: a dublagem é engraçado
[22:23:59]  thbhgfddv: SO7, já jogou Occot day? tá de graça na Steam
[22:25:05]  filipefbezerrabr: Colono vai joga RE 5 hj?
[22:26:34]  wendellexn: boa noite meu príncipe
[22:26:38]  iagosbroglio: vê um pouco do vod e vê a dublagem do re5 calvo
[22:26:43]  tron_black: Muita
[22:26:48]  gustavobonacin: 14hrs de live
[22:26:49]  fernandomallet: ele ficou até 9h30-10h
[22:26:52]  gigio_____: ele foi ate umas 9 hrs
[22:26:59]  danxi_realoficial: eu acordei ele ainda tava lá
[22:27:05]  filipefbezerrabr: Ele começou as 21h30 e terminou a 10h00
[22:27:07]  guiimedeiiros: Muitas, era 10 horas da manhã ele tava em live ainda
[22:27:27]  filipefbezerrabr: mais ou menos
[22:27:31]  lrenanvictorl: kkkkkk
[22:27:44]  tron_black: que coisa ruim
[22:27:52]  kamuisensei: Chris voz fininha
[22:27:54]  jaoj_: é dublagem meme
[22:27:57]  filipefbezerrabr: mas pelo menos tem dublagem kkk
[22:28:00]  bmw_barata: mt zoada a do re4 tava bem melhor
[22:28:01]  jaoj_: feita por fã
[22:28:02]  danxi_realoficial: eh a prova que loud pagou pela sucinta no japa
[22:28:22]  tron_black: KK
[22:28:28]  brunogs3: hoje eles vão jogar ?
[22:28:39]  jaoj_: cala a boca, OW tem uma dublagem melhor que muito filme por aí KEKW
[22:28:43]  bmw_barata: a do ow é boa
[22:28:43]  harnnick: Versão Brasileira Alamo
[22:28:46]  tron_black: kkkkkkkkkk
[22:29:10]  biribiribinha: Boa noite so7
[22:29:12]  jhonnick: muito boa em?
[22:29:15]  biribiribinha: SeemsGood
[22:29:20]  brunogs3: clan eles vão jogar hoje também ?
[22:29:25]  hannibalfront: Jogar ranqueada até o Colono chegar?
[22:29:26]  danxi_realoficial: americano do rj
[22:29:29]  tron_black: @BruninhoSO7 A do RE4 tbm e mais ou menos
[22:29:33]  jaoj_: mas é muito boa memo
[22:29:38]  toninhosarrafo: boa noite so7
[22:29:39]  nome_aleatorio_png: qualquer campanha de cod tem uma dublagem horrível
[22:29:50]  mateuzin__: oi so7 hayaAmor
[22:29:52]  jaoj_: eu não falei q portugues era melhor que ingles
[22:29:56]  iagosbroglio: kkkkk
[22:30:02]  jhonnick: ah mano, áudio original é sempre melhor né
[22:30:04]  bmw_barata: eu acostumei com o dublado ñ consigo mais jogar no original
[22:30:05]  robertoducca: ele nao dormiu
[22:30:06]  fernandosini: F colono
[22:30:09]  jefff: Cheer1 quem fala, õr! õr! õr!
[22:30:09]  biribiribinha: so7tou no horario
[22:30:12]  danxi_realoficial: jkkkkķ
[22:30:12]  robertoducca: hj
[22:30:13]  besapecudinho: boa noite so7
[22:30:19]  hannibalfront: brunin10Soubenao brunin10Soubenao
[22:30:20]  turmadamao: ja era
[22:30:21]  picles77: dublagem BR é só pra.desenho e filme de comédia
[22:30:23]  boniiatti22: dormiu
[22:30:26]  vert1999: entrou agr ele!!
[22:30:28]  boniiatti22: ctz
[22:30:30]  tron_black: aham
[22:30:31]  badwolfinho: Cheer10 Boa noite Soussete
[22:30:32]  hexa_in_2022: LUL LUL
[22:30:32]  turmadamao: o velho dormiu
[22:30:43]  lobofrenetico: Colono deve estar dormindo ainda, ele foi dormir só hoje a tarde
[22:30:50]  bmw_barata: qto tempo vc ñ marca nada tbm?
[22:30:51]  iagosbroglio: kkkkk
[22:31:03]  tron_black: Aham
[22:31:04]  robertoducca: kkk bem isso
[22:31:07]  gustavobonacin: sim sim
[22:31:09]  badwolfinho: ai exagero
[22:31:13]  picles77: tá chegando pro pw até hoje
[22:31:14]  iagosbroglio: kkkkkk
[22:31:19]  hannibalfront: Verdade, nunca mais atrasou no GTA
[22:31:24]  badwolfinho: Forçou a barra ja
[22:31:24]  robertoducca: mentira
[22:31:26]  urickson: Abriule live
[22:31:29]  iagosbroglio: melhorou um pouco
[22:31:29]  turmadamao: abriu
[22:31:34]  gabrielfew: so7 o pw foi ontem, ta um pouquinho atrasado hayaKEK hayaKEK
[22:31:35]  jaoj_: kkkkkkkkkkkkkk
[22:31:37]  iagosbroglio: kkkkkk
[22:31:41]  turmadamao: o velho abriu
[22:31:50]  jhonnick: quero nem ouvir ahsushis
[22:31:59]  abraaum_pc: S07 ja viu o 2020 em 1 musica do inultilismo?
[22:31:59]  jhonnick: deixa eu sair da Live rapidaum
[22:31:59]  tron_black: MDS
[22:31:59]  jeor22: kkkkkkkkkkkkkkkkkkk
[22:31:59]  jaoj_: eu não ia tankar esse audio nem fudendo
[22:32:01]  phfut3: meee kkkk
[22:32:01]  badwolfinho: KKKKKKK voz de 2010
[22:32:02]  iagosbroglio: dpp
[22:32:02]  eugenius22: kkkkkkkk
[22:32:05]  urickson: Ô COPOM
[22:32:05]  frexnet: KKKKKKKKKKKKKKKK
[22:32:06]  rednitro7: so7 locutor de rádio
[22:32:07]  felixfillipe: fala HUMM AKIMBOS
[22:32:08]  iagosbroglio: voz dpp
[22:32:08]  eugenius22: dpp sdds :(
[22:32:09]  gigio_____: carlho so7 gameplays
[22:32:09]  hannibalfront: Faz a intro com esse mic pela nostalgia
[22:32:09]  ronico22: pique so7 2011
[22:32:11]  gailahad: PX21 sdds
[22:32:12]  gabrielfew: so7 2010
[22:32:14]  vert1999: Copom hahaha
[22:32:15]  opdxsn: De volta a 2011
[22:32:17]  brunoxdonato: so7 2k13
[22:32:21]  jhonnick: o pior é que dá uma vibe nostálgica do carai kkkkkkk
[22:32:24]  bruno13valerio: igual do canal do yt
[22:32:24]  nome_aleatorio_png: 2010 de volta
[22:32:26]  gigio_____: pique luan gameplays
[22:32:26]  bmw_barata: mic de piloto de avião
[22:32:27]  tedthegr8: Cheer1 faz a intro com esse Mic sô7
[22:32:27]  turmadamao: kkkkk voz de celular
[22:32:27]  eugenius22: só falta falar: "pourram japoneixxxxx"
[22:32:28]  badwolfinho: De volta aos meados de 2011
[22:32:29]  fernandomallet: kkkkkkkkkkkkkkkkkkkk
[22:32:30]  picles77: falando direto de uma fossa
[22:32:31]  abraaum_pc: S07 ja viu o 2020 em 1 musica do inultilismo?
[22:32:35]  iagosbroglio: ia ser vibe dpp
[22:32:41]  vert1999: soseti puliça
[22:32:49]  hierx: !uptime
[22:32:51]  bruninhoso7: Start Time: January 11, 2021 - 10:04 PM, Stream Length: 0:27
[22:32:51]  iagosbroglio: olha tá chovendo granizo so7
[22:32:52]  urickson: Vai se fuser
[22:33:05]  besapecudinho: parece um piloto de aviao kkkkkkkkk
[22:33:06]  iagosbroglio: tá caindo granizo kkkkk
[22:33:25]  jhonnick: te pago vintão se fizer a intro com o mic hahahah
[22:33:27]  iagosbroglio: aqui começou agora
[22:33:30]  rednitro7: tu tem que usar esse mic na live de aniversário do canal
[22:33:31]  bmw_barata: q astro q é?
[22:33:39]  zleeonardo: FALA GALEEEEEERA, BRUNINHO SO7 DE VOLTA, TUDO BELEZA ?????
[22:33:43]  poisonshot_: boa noite!
[22:33:45]  urickson: Astro? +1
[22:33:45]  tron_black: @BruninhoSO7 Tem que mudar o Sobre BruninhoSo7 tá escrito que faz transmissões de GTA que propagando enganosa
[22:33:51]  jaoj_: SO7 2012 desanimadão: Fala galera, bruninho SO7 de volta, no video de hj, trago pra vcs a estratégia solo da call of the dead. @BruninhoSO7 HEUAHEUAHEUAEHAUEH
[22:33:51]  iagosbroglio: kkkkk
[22:33:54]  jhonnick: kkkkkkk
[22:33:57]  badwolfinho: s
[22:33:58]  zleeonardo: kkkkkkk
[22:33:59]  badwolfinho: KKKKKKKKKK
[22:34:00]  joaovitor_23: kkkkkkkkkkkkkkk
[22:34:01]  tron_black: kkkkkk
[22:34:01]  pabloenriique: kkkkkkkkkkkkkkkkkkkkkkkkk
[22:34:02]  oandin: KKKKKKKKKKKK
[22:34:02]  akiira23: LUL
[22:34:02]  jeor22: kkkkkkkkkkkkkkkkkkkkkkkkkkkk
[22:34:03]  michael__scott: tem q ser a voz tristonha
[22:34:04]  phfut3: kkkkkkkkkkkk
[22:34:05]  gustavobonacin: KKKKKKKKKKKKK]
[22:34:05]  ricksonsz_: kkkkkkkkkkkkkkkkkkkkkkk
[22:34:06]  hierx: que delícia
[22:34:06]  tedthegr8: Cheer1 MEEEEEU DEUS
[22:34:06]  gailahad: jkkkkkkkkkkkkkkkkkkkkkkkkkkkk
[22:34:06]  brunoxdonato: KKKKKKKKKKKKKKKKKKK
[22:34:06]  lucas_1209: KEKW
[22:34:06]  ozura99: Vc fala palavrão bruninho?
[22:34:07]  fernandosini: auehuaheauheauheuahea
[22:34:07]  jhonnick: hahahahahahahhahaha
[22:34:07]  jaoj_: KKKKKKKKKKKKKKKKKKKKKKKKKKKKKKK
[22:34:08]  gabrielfew: kkkkkkkkk
[22:34:09]  flaamie: kkkkkkkkkkkkkkkkkkkkkkkkkkkkkkkkk
[22:34:09]  gigio_____: lkkkkkkkkkkkkkkkkkkkk
[22:34:11]  vert1999: kkkkkkkkkkkk
[22:34:11]  hierx: Kkkjkk
[22:34:11]  zleeonardo: <3 <3 kkkkkkk
[22:34:12]  carlosedba: mto bom
[22:34:13]  tedthegr8: Cheer1 meu deus
[22:34:15]  gabrielfew: hayaDPP hayaDPP hayaDPP
[22:34:17]  bmw_barata: kkkkkkkkkkkkk
[22:34:18]  tedthegr8: Cheer1 sô7
[22:34:19]  ronico22: kkkkkkkkkkkkkkkkkk muito bom
[22:34:20]  jhonnick: mano do céu
[22:34:22]  jaoj_: @BruninhoSO7 https://www.youtube.com/watch?v=2buyLggRoSw assiste enquanto o velho abre a live
[22:34:23]  fernandosini: vai ficar sem os 20tao
[22:34:26]  hierx: lindo
[22:34:36]  tedthegr8: Cheer1 FAAALAAA GAAALEEEEEERAA BRUUNINHOO SOO SEETI DI VOOOLTA TUUDO BELEZAAH
[22:34:36]  badwolfinho: Cheer20 vinte bits ai toma
[22:34:42]  jhonnick: Caraí, eu tava zoando, mais depois dessa vou até descolar mesmo ahushaiahaaj
[22:34:44]  tron_black: KKK
[22:34:48]  rednitro7: https://clips.twitch.tv/ShySpotlessArmadilloThisIsSparta
[22:34:51]  jaoj_: é muito merda
[22:34:56]  abraaum_pc: @BruninhoSO7 ja viu o 2020 em 1 musica do inultilismo?
[22:35:00]  tedthegr8: Cheer1 fiquei muito feliz
[22:35:05]  zleeonardo: https://clips.twitch.tv/EmpathicInexpensiveBeanCoolCat
[22:35:06]  tiubigode: boa noite So7nho lindo <3
[22:35:09]  badwolfinho: Se n foi esperto calvo, ai nego abusa
[22:35:12]  gryffih: ta facin?
[22:35:16]  jhonnick: @badwolfinho brigado mano kkkkkkk
[22:35:16]  bruno13valerio: b
[22:35:17]  ironpower1337: soa
[22:35:23]  ironpower1337: espetácular
[22:35:29]  badwolfinho: @Jhonnick tamo ai
[22:35:43]  tedthegr8: Cheer1 gozei
[22:35:48]  tiubigode: KKKKKKKKKKKKKKKKKKKKKKKKKKKKK
[22:35:52]  rednitro7: a risada igual KEKW
[22:35:53]  flavi0lud0v1c0: ahhh que delícia
[22:35:57]  jaoj_: @BruninhoSO7 https://www.youtube.com/watch?v=2buyLggRoSw assiste enquanto o velho abre a live
[22:35:59]  gustavobonacin: a risada sincronizada com o vod
[22:36:02]  gustavobonacin: mt bom jskahjjks
[22:36:06]  iagosbroglio: kkkkkkkkkkkkk
[22:36:11]  jhonnick: para véi, é muito bom
[22:36:16]  lucasliposki: salve
[22:36:19]  tedthegr8: Cheer1 deus pode vir me buscar, pois já estou satisfeito com a vida
[22:36:26]  jaoj_: ahhhhhhhhhhhh não, VAI TOMAR NO CU COLONO kkkkkkkkkkkkkkkkkkk
[22:36:30]  hierx: dois velhos
[22:36:56]  hierx: jmm
[22:36:59]  sarorafael: Somando a idade dessa call da mais de 300 anos
[22:37:23]  zleeonardo: @SaroRafael 300 o colono tem em uma perna
[22:37:31]  sarorafael: KAKAKAKAKAKKAKAKAKAKA
[22:37:41]  kob44: 7dias meu deus em
[22:37:46]  kob44: kkkkkk
[22:37:51]  vert1999: o colono tá dormindo até agr rsrs
[22:37:57]  phfut3: tem que jogar o 6 tbm
[22:38:00]  lobofrenetico: Kkkkkkk
[22:38:08]  gigio_____: perae so7, heist do cassino na quinta
[22:38:26]  mudeimeunome: Boa noite so7
[22:38:26]  badwolfinho: O velho tem sempre que trabalha
[22:38:49]  jefff: tbm nao
[22:39:02]  gabrielfew: Gmod
[22:39:03]  viktorjuao: 720 travando mt
[22:39:04]  badwolfinho: Porra de amongus ai n, pummel hype
[22:39:09]  tiubigode: tem que jogar Gmod, isso sim
[22:39:10]  gabrielfew: sdds GMOD
[22:39:12]  lobofrenetico: Final de desembro
[22:39:12]  fernandosini: novembro
[22:39:12]  badwolfinho: Ultimos 6 meses
[22:39:15]  gigio_____: janeiro de 2019
[22:39:17]  tedthegr8: Cheer1 sô7, obrigado por isso. tô enchendo o saco tem tempo, mas essa abertura fez muito bem pra mim. renovou minhas energias mentais. pq o corpo continua derrotado
[22:39:17]  zypeex: 5 - 6 meses
[22:39:20]  badwolfinho: GMOD e Pummel >>>>>
[22:39:20]  hannigust: Dezembro ou novembro teve pummel
[22:39:20]  tiubigode: pra ter aquela risada gostosa
[22:39:36]  tedthegr8: Cheer1 preciso ir dormir. boa live. durma bem, que amanhã seja melhor que hoje
[22:39:44]  zim_22: tem mini games novos no pummel
[22:40:03]  hierx: boa noite, ted
[22:40:09]  lobofrenetico: Colono tem que virar corredor Tier A esse ano, ele não vai matar o GTA
[22:40:14]  jefff: tbm acho
[22:40:14]  badwolfinho: Tendi
[22:40:21]  tedthegr8: @hierx boa noite, Bro. se cuide, boa semana aí
[22:40:24]  fabiopipipi: Volta So7
[22:40:28]  galexander17: so7 no gta era o melhor, que saudade
[22:40:28]  jefff: 2021 e vc quer acreditar no colono?
[22:40:30]  jhonnick: ambiente TÓXICO
[22:40:31]  hannibalfront: SO7 farpando vandep
[22:40:32]  mudeimeunome: Telefone sem fio todo domingo eu voto sim
[22:40:37]  mudeimeunome: joguinho tranquilo
[22:40:40]  fernandomallet: volta so
[22:40:40]  tiubigode: So7 ta ficando velho, só quer paz e NBA
[22:40:44]  fernandomallet: volta so7
[22:40:44]  mudeimeunome: sem brigas
[22:41:07]  hierx: @tedthegr8 idem
[22:41:18]  mudeimeunome: Colono tinha que ter um podcast pra se expressar
[22:41:26]  badwolfinho: KKKKKKK
[22:41:37]  fernandomallet: D:
[22:41:41]  tiubigode: pau no cu do Danilinho
[22:41:54]  fabiopipipi: So7 antes jogava RE5 com Pirata e agora vai de Colono..2021 nao ta facil pro So7
[22:42:09]  iagosbroglio: kkkkkkkkk
[22:42:34] disconnected
[22:42:53]  hierx: !pipipi
[22:43:00]  vinimasao: mrvandPipipi
[22:43:33]  bruninhoso7: Daqui a pouco eu volto, vou rodar um AD enquanto estiver fora, tanka essa pelo time?! Thanks!! <3
[22:43:35]  badwolfinho: vai la
[22:43:49]  ralmajid: oi coloninho
[22:43:53]  lrenanvictorl: oiii
[22:43:59]  dkmplayer: oii
[22:43:59]  badwolfinho: Acho que é so do chat dele gente KKK
[22:44:03]  fabiopipipi: Fui lá deu merda..hahahah
[22:44:11]  hannigust: Cheer1 !pi pi pi pi pi pi
[22:44:12]  ivaortiz134: gosto muito de vc
[22:44:14]  fernandosini: bruninho croquete
[22:44:49]  badwolfinho: Olha a OP do jogo de fundo
[22:45:10]  jhonnick: @bruninhoso7 uma pergunta séria, se eu te mandar um direct no discord referente aos vintão vc vê?
[22:45:25]  badwolfinho: S
[22:45:26]  iagosbroglio: foi
[22:45:26]  ralmajid: atualizou
[22:45:30]  matheussouzudo: boa noite
[22:45:49]  fernandosini: que isso
[22:45:58]  tron_black: vai
[22:46:01]  matheussouzudo: Cheer1 e aí SO7 falta 12 seguiamores pra 100
[22:46:35]  tron_black: @BruninhoSO7 É pq vc já terminou o jogo ele sempre vem ativo
[22:47:26]  jefff: aposentei o q?
[22:47:30]  jhonnick: @bruninhoso7 uma pergunta séria, se eu te mandar um direct no discord referente aos vintão vc vê?
[22:47:34]  tiubigode: falou mal do Jeffinho da Galera
[22:47:39]  iagosbroglio: @JeFFF eu
[22:47:41]  fabiopipipi: @JeFFF vc mesmo
[22:47:51]  breno10fernandes: Colono dando exposed
[22:47:57]  ozura99: @JeFFF os criadores de corrida merda no gta
[22:48:01]  kuregani: Cheguei boa noite so7 boa noite seus fofos
[22:48:03]  jefff: Toda sexta comentam um monte nos chats por ai de mim e nao me aposentam. !fdefumo
[22:49:06]  fabiopipipi: Eu até gosto do RE5 mas o RE6 nao consigo ..muito ruim
[22:49:20]  tiubigode: #AposentemOJeff
[22:49:26]  iagosbroglio: depois de 191 mortes todo mundo tilta
[22:49:40]  mbsoundrj: a voz do colono está baixa
[22:49:41]  abraaum_pc: eu gosto do RE6
[22:49:44]  jeor22: !jadei
[22:49:50]  abraaum_pc: é um jogo de ação bom
[22:49:55]  abraaum_pc: não é resident
[22:50:00]  abraaum_pc: mas é um jogo Legal
[22:50:04]  iagosbroglio: pior fase do re5
[22:50:15]  fabiopipipi: do 6 so gosto da campanha do Leon e olha lá
[22:50:21]  kauamara: metralha
[22:50:32]  picles77: problema do 6 é q não é residente evil
[22:50:34]  badwolfinho: Ta em qual dificuldade?
[22:50:41]  pietro0games: kkkkkk colono reclamando de quicktime
[22:50:46]  araujo1761: o 5 eu ainda gosto mas o 6 é muito ruim
[22:50:49]  kubbba_: colono ta baixo pra mim
[22:50:53]  picles77: se ele se chamasse "as aventuras do Zezinho da parreira" ele n teria tanto hate
[22:50:55]  araujo1761: hype gigante no 8 inclusive
[22:50:59]  rednitro7: dbd n tem quick time event tb n? KEKW
[22:50:59]  pietro0games: problema q dá para escutar porra nenhuma do q o colono tá falando
[22:51:00]  gabrieldena: Ta porra ta alto em
[22:51:11]  ozura99: ShowLove1 Volume do colono ta bem baixinho
[22:51:17]  ironpower1337: aumenta a voz do colono
[22:51:36]  ozura99: Ambos acho
[22:51:41]  fabiopipipi: eu tentei jogar pensando nessa forma..nao é um Resident Evil mas isso nao ajudou muito..continuou ruim para mim..hahaha..mas é só minha opinião
[22:51:42]  jhonnick: ficou alto pra caraleo mesmo
[22:52:10]  um_celta_lokao: kkkkkkkkkkkk
[22:52:22]  ozura99: Eu aumentaria o do colono de qualquer forma
[22:52:40]  legendi_: é, segue baixinho
[22:52:44]  boniiatti22: o so7 ja perdeu um daqueles bagui azuis?
[22:52:44]  ironpower1337: verdade a voz do colono ainda tá bem baixinha
[22:52:45]  iagosbroglio: sim
[22:52:59]  leozin_26: caralho bruninhoso7 existe ainda
[22:53:06]  leozin_26: ancião
[22:53:24]  breno10fernandes: Colono podia dar um grito pra gente ver se tá baixo mesmo né ?
[22:53:25]  um_celta_lokao: mano eu não lembro dessa missão, wtf
[22:53:27]  jhonnick: @leozin_26 Fala da idade não que ele é sensível
[22:53:35]  leozin_26: kkkkkkkkkkk real
[22:53:50]  iagosbroglio: nossa vcs vão morrer pro bichão muito
[22:54:11]  iagosbroglio: melhorou
[22:54:13]  badwolfinho: Melhorou
[22:54:15]  legendi_: tá ótimo agora
[22:54:20]  panov3io: muito melhor
[22:54:42]  kubbba_: q roupa é essa do chris
[22:55:00]  ozura99: skin de baleia
[22:55:01]  andresalada444: kkkkkkkkkkkkkkkkk
[22:55:26]  ghaltos: resident evil, não tem jogo melhor pra esse fanático do zombies, Bruninho SO7
[22:55:29]  thalesfernands: gostoso é vc so7
[22:55:39]  harnnick: o militar visivelmente constrangido com o Cris
[22:55:47]  tiubigode: o Chris diretamente de Mad Max
[22:56:28]  jhonnick: "ele é rock & roll" kkkkkkk
[22:56:40]  pietro0games: tendi a roupa do so7
[22:57:03]  kubbba_: parece a testa do Marginal
[22:59:35]  pietro0games: n tinha errado
[22:59:46]  andresalada444: so7 vc joga sem mod nem nada?
[22:59:52]  pietro0games: vcs morreram para molotov
[22:59:52]  picles77: mamaram
[22:59:55]  andresalada444: fiquei com vontade vendo vcs jogarem
[22:59:56]  harnnick: n tinha errado. quem matou foi o molotov
[23:00:15]  andresalada444: mas era muito estranha a aceleração do mouse
[23:00:52]  picles77: vão mamar denovo
[23:01:04]  pietro0games: acho q n
[23:01:13]  pedrovoliveira: esse bicho me dá mt nojo mano kkkk
[23:02:32]  matheuslmt: Meu Deus bicho não morre
[23:02:36]  salucatelli: PogChamp
[23:02:42]  kdmjun: de primeira
[23:02:42]  iagosbroglio: nice
[23:02:46]  iagosbroglio: achei que ia morrer mais
[23:02:49]  cokinho_xo: esse jogo é muito bom
[23:02:50]  matheuslmt: SeemsGood
[23:03:01]  picles77: falei q iam conseguir
[23:03:12]  pietro0games: fica olhando para os peitos dela?
[23:03:12]  picles77: Kappa
[23:03:20]  reisruan: eita, já são 11 meses cuzão
[23:03:20] ReisRuan subscribed at Tier 1. They've subscribed for 11 months!
[23:03:20]  jhonnick: são não é mais gostoso que o mamilo do So7
[23:03:24]  pietro0games: modelo mion?
[23:03:26]  jeor22: parece um gogoboy sapoha
[23:03:50]  pietro0games: ele tá magro igual no re1
[23:03:56]  reisruan: live de RE7
[23:03:59]  fabiopipipi: Joga o 7..jogao
[23:04:05]  iagosbroglio: ashuashuas
[23:04:08]  iagosbroglio: essa parte agora e chat
[23:04:17]  iagosbroglio: os cabeçudinho
[23:04:18]  pietro0games: é chat
[23:04:37]  tron_black: @BruninhoSO7 Essa skin e muito feia como tu fala que isso tá bonito
[23:04:40]  pietro0games: acho q prefiro a sheva
[23:04:44]  jeor22: sheva>>
[23:04:53]  lucas3hunna: Kreygasm Kreygasm Kreygasm Kreygasm
[23:05:01] JpCalgaroto subscribed with Prime.
[23:05:05]  picles77: as duas
[23:05:07]  pietro0games: a jill é meio genérica
[23:05:26]  jpcalgaroto: ja devia ter escorregado esse prime há séculos, tmj so7 meu lindão
[23:05:36]  iagosbroglio: kk
[23:05:38]  iagosbroglio: sim
[23:05:39]  boniiatti22: claire---->
[23:06:04]  pietro0games: essa fase só é mais longa q o normal
[23:06:04]  xxborratchaxx: como ta a contagem pros subs iago?
[23:06:06]  loanflor: esse RE5 me lembra dpp...
[23:06:16]  mateuzin__: hayaKEK
[23:06:17]  lhouco: O Colono tá menos pesado do que eu achei
[23:06:21]  fabiopipipi: Essa parte é punk no dificil..imagina no profissa
[23:06:24]  pietro0games: aé so7, vc e colono podiam jogar a dlc antes do final desse game
[23:06:33]  kubbba_: so7 vai esquecer dos emblemas nessa parte
[23:06:39]  breno10fernandes: Aos papo do colono maluco
[23:07:13]  breno10fernandes: Wesker 300% matrix
[23:07:15]  ozura99: Cheer1 Vc pode contar a história daquela vez que entrou na onda metrosexual e ficou parecendo o boneco da michelin?
[23:07:16]  joaoamaral99: pior q é true
[23:07:18]  kdmjun: Wesker dominou a Matrix nesse jogo
[23:07:27]  jpcalgaroto: Esse maluco alá Matrix ae é mó roubado
[23:07:37]  ozura99: KKKKKKKKKKKKKKK
[23:07:54]  fabiopipipi: Wesker ja tava assim no Code Veronica..mas o 5 ficou pior..haha
[23:07:58]  ozura99: Queria seu relato. É muito importante pra mim
[23:07:59]  iagosbroglio: kkkkkkkkkkkkkkk
[23:08:12]  ptdadepressao: caralho, pode crer essa história. me veio na memoria até a cena da corrida de GTA que ele contou AUEhAUEHauehaU @ozura99
[23:08:20]  markstunaga: e esse visual mad max?
[23:08:26]  ptdadepressao: clássico clássico
[23:08:49]  kadulight: brunin10Calvo
[23:09:13]  breno10fernandes: Mad max ? Tá mais pra Village People
[23:09:15]  jpcalgaroto: brunin10Calvo brunin10Calvo
[23:09:25]  lhouco: Esse Chris ta mto feio tá loco
[23:09:38]  iagosbroglio: kkkkkkkkk
[23:09:41]  jpcalgaroto: eu to tendo q digitar só com uma mão por causa dessa skin ae
[23:09:54]  ironpower1337: oi
[23:09:54]  kubbba_: sotaque da sheva é nice
[23:10:09]  jeor22: iago suando frio
[23:10:21]  jpcalgaroto: obrigado colonete
[23:10:38]  picles77: 30 pratinho kkkkkkkk
[23:10:39]  iagosbroglio: ashauhuash
[23:10:40]  ozura99: Cheer1 Mas são só 30 pra chegar em 30 ou você tem que pegar os 30?
[23:10:45]  iagosbroglio: meu deus so7
[23:10:46]  iagosbroglio: kkkkkkkkkk
[23:11:00]  breno10fernandes: A não mkkkkkkkk
[23:11:21]  vinimasao: kkkkkkkkkkkkk
[23:11:43]  leonaardoc_b: cuidado tem jacare colono
[23:11:43]  lopespablo57: kkkkkkkkkkkkkkkkkkkkk
[23:11:43]  jeor22: kkkkkkkkkkkkkkkkkkkkkkkkkkkkkk
[23:11:43]  iagosbroglio: kkkkkkkkkkkkk
[23:11:43]  lucas3hunna: hsahusauhsuasahusuasha
[23:11:44]  lucast9: kkkkkkkk
[23:11:46]  markstunaga: cuidado que tem jacaré kkkkkkkkkkkkkkkkk
[23:11:48]  vinimasao: tendi kkkkkkkkkkkk
[23:11:48]  jhonnick: booooaaaaa
[23:11:51]  ozura99: Cuidado que tem jacaré> ele vai reto na direção
[23:11:52]  jhonnick: kkkkkkkkkkk
[23:11:53]  markstunaga: andou pra boca do bicho
[23:11:55]  bota3000: ehe
[23:11:57]  jeor22: que abocanhada da desgraça
[23:12:13]  breno10fernandes: Pessoal da tribo já tomou a vacina
[23:12:16]  breno10fernandes: Ainda bem
[23:12:44]  pedrinhohvr: kzkskzkzkzkzkkzkzkzks
[23:13:05]  pietro0games: aé, quando q o colono vai pronunciar certo o nome da sheva?
[23:13:35]  pietro0games: roubado né
[23:14:26]  victortaru_: xama!
[23:14:44]  sacibrancoo: dois veio bobo
[23:15:02]  iagosbroglio: hushausha
[23:15:09]  iagosbroglio: ai é roubo
[23:15:13]  leandrocuria: boa noite soseven
[23:15:23]  pietro0games: acho q eles já passaram por 1 emblema
[23:15:25]  thainanlr: vesgo dms
[23:15:36]  jhonnick: pelo alor
[23:15:38]  jhonnick: amor
[23:15:39]  harnnick: parecia a cena de cidade de Deus
[23:15:43]  picles77: frash
[23:15:49]  fabiopipipi: quero ver matar galinha no Skyrim
[23:15:55]  alecabulous: Gostoso
[23:15:55] Alecabulous subscribed with Prime. They've subscribed for 7 months!
[23:16:39]  dudu_saliby99: Boa noite so7
[23:16:43]  sacibrancoo: ovo cozido?
[23:16:48]  intangivel__: juro que ouvi ele falando "chupa meu ovo"
[23:18:20]  pietro0games: kkkkkkkkk
[23:18:32]  pietro0games: Tpm
[23:18:36]  harnnick: mas é só a cabecinha so7
[23:19:12]  igor_4raujo: Seu monstro matou a galinha
[23:19:12]  senik_: KKKKKKKKK
[23:19:27]  joao_sama: D:
[23:19:41]  iagosbroglio: kkkkkkkk
[23:19:50]  iagosbroglio: lembrou desse ashauhsa
[23:19:57]  picles77: ovinho cru hmmmmm delícia
[23:20:12]  tron_black: @IagoSbroglio Ele pegou o outro desse mapa tbm ?
[23:20:23]  iagosbroglio: @Tron_Black yep
[23:20:26]  vinigt2: D:
[23:20:28]  phfut3: D:
[23:20:35]  picles77: já faz um galeto com as galinha
[23:20:44]  tron_black: Pelo visto o so7 tem memoria para alguma coisa
[23:20:46]  pietro0games: bem, é aí q tem o mais fodido, acho q n vão pegar
[23:20:49]  iagosbroglio: kkkkkkkk
[23:20:51]  dudutx02: marrapás
[23:20:53]  dudutx02: kkkkkkkkkkkkkkk
[23:21:00]  jorginho2x2: tem um tesouro que fica aí no meio da água
[23:21:08]  jorginho2x2: um besouro se não me engano
[23:21:19]  tron_black: @IagoSbroglio Tinha que apostar dele pegar todas as joias ai queria ver kk
[23:22:25]  picles77: so7 viu vídeo com as localizações em off
[23:22:30]  jorginho2x2: fica numa madeira so7
[23:22:42]  jorginho2x2: alguma dessas madeiras no meio da água
[23:22:44]  iagosbroglio: @Tron_Black ai eles ja falhariam de prime por causa do primerio survive la
[23:22:51]  jorginho2x2: agora não lembro qual
[23:24:33]  iagosbroglio: kkkkkkkkkkkkkkkkkkkkkkkk
[23:24:33]  dudutx02: kkkkkkkkkkkkkkkk
[23:24:36]  vinimasao: kkkkkkkkkkkkkkkkkk
[23:24:36]  tron_black: kkkkkkkkkk
[23:24:37]  vinigt2: kkkkkkkkkkkkkkkkkkkkk
[23:24:37]  jeor22: kkkkkkkkkkkkkkkk
[23:24:38]  thainanlr: kkkkkkkkkkkkkkkk
[23:24:42]  jpcalgaroto: kkkkkkkkkkkkkkkkk
[23:24:44]  combatfernando: kkkkkkkkkkkkkkkkk
[23:24:46]  rodrigoctz2: mkkkkkk
[23:25:02]  combatfernando: KEKW
[23:25:14]  hannibalfront: Parece o so7 jogando de Bola, só sabe cair do mapa
[23:25:47]  intangivel__: LUL
[23:26:02]  iagosbroglio: asaushaus
[23:26:08]  vinimasao: izi
[23:26:09]  iagosbroglio: essa live rendeu uns bons clips
[23:26:55]  jeor22: pirarucu
[23:27:14]  renanbostaseca: olha o pâãããoo
[23:27:21]  renanbostaseca: boa noite so7
[23:27:30]  gearleep: Eae, perdeu algum?
[23:27:44]  fabiopipipi: 12 anos já?? nossa..joguei muito no 360..tempo passa
[23:29:25]  harnnick: ah..
[23:29:48]  pietro0games: só com dpp seria melhor
[23:29:55]  gastogo123: Vão jogar o 6 tbm ?
[23:29:58]  iagosbroglio: kkkkkkkk
[23:30:04]  iagosbroglio: nice
[23:30:15]  japa07cm: hayaDPP
[23:30:24]  picles77: faltam quantas?
[23:30:59]  iagosbroglio: essa parte e caotica
[23:31:06]  kubbba_: 15 de 30
[23:31:20]  picles77: blz
[23:31:23]  enrico_aguiar: oi soooo7777
[23:33:26]  pietro0games: acho q nessa parte os devs esperavam q o player usasse a mag nesse inimigos
[23:33:49]  picles77: mas so7 é a lenda
[23:33:54]  picles77: passa só de pistola
[23:34:07]  pietro0games: todo mundo faz só de pistola isso
[23:34:19]  pietro0games: esse q é o ponto
[23:34:31]  joaogabriel365: eles tao guardando a rpg pra qual parte chat?
[23:34:41]  pietro0games: verdade, so7 tá de rpg
[23:35:20]  alevixgamer2020: desafio r5 veteran aleatório, só pistolas,uma laranja,a cada 40 min depois um limão a cada outros 40 min e assim vai até zerar??????????
[23:35:36]  fumantegamer: mercenarios eh mt foda slc
[23:35:39]  lucas3hunna: Matrix
[23:35:46]  pietro0games: ?
[23:35:50]  shellshock2211: o mercenarios do re5 é o melhor pra mim
[23:35:56]  shellshock2211: por mais que eu não goste tanto do jogo
[23:36:10]  romeuk10: mercenarios me da agonia
[23:36:24]  gearleep: cheer1 mata ele na ponte so7, por favor
[23:36:32]  joaogabriel365: colono vai soltar sim ou claro?
[23:36:42]  tron_black: kkkkkkk
[23:36:42]  joaogabriel365: ih
[23:36:46]  gearleep: ANEM
[23:36:48]  igor_4raujo: kkkkkkkkkkkk
[23:37:44]  durante145: salveee so7 quanto tempo
[23:38:03]  pandapandao333: pq o gráfico daq ta melhor do que na live do colono? estranho demais...
[23:38:45]  zley324: brunin10Calvo
[23:38:53]  joaogabriel365: quem q vai morrer pro jacare?
[23:39:08]  eduardotorres___: So7 uma boa pergunta : Tá sendo mais difícil aguentarmos o nosso Botafogo ou o colono no RE5 ?
[23:41:05]  vinigt2: 655.726
[23:41:38]  iagosbroglio: lkkkkl
[23:41:39]  tomateboladao: pra que tem que juntar esse grana ?
[23:41:39]  joaogabriel365: so7 se quiser vender todas as joias de uma vez aperta ''v''
[23:41:41]  enrico_aguiar: @vinigt2 qq é isso ??
[23:41:44]  jhonnick: qualé a dessa grana toda aí chat?
[23:41:45]  iagosbroglio: eu tô surpreso
[23:41:53]  pietro0games: hack
[23:41:54]  iagosbroglio: sua memória tá boa
[23:41:59]  picles77: tá vendo
[23:42:10]  vinigt2: grana antiga q ele nao pode gastar @enrico_aguiar
[23:42:12]  carloscfa: justo
[23:42:15]  breno10fernandes: Tá de colete não ?
[23:42:21]  bruno_muassab: pra que o rpg? kkk
[23:42:22]  tomateboladao: entendi
[23:42:24]  jhonnick: ahhh, tendi. Justo
[23:42:25]  enrico_aguiar: @vinigt2 vlw mn
[23:42:27]  pietro0games: pau de choque libera bem depois, não?
[23:42:38]  galexander17: podia ter tirado a rpg nessa hein
[23:43:04]  pietro0games: ele ficou morrendo para o jaré
[23:43:05]  japa07cm: hayaBurro hayaBurro hayaBurro
[23:43:44]  lucassdantas73: boa noite chat, boa noite So7
[23:44:21]  jeor22: boa noite
[23:44:40]  x_egg_semovo: boa noite chat
[23:44:46]  lucassdantas73: boa noite
[23:45:00]  x_egg_semovo: s2
[23:45:06]  picles77: ds3 é bem ruim mesmo
[23:45:10]  galexander17: que mira robada essa kkkk aquele laser é uma porra
[23:45:36]  picles77: PC n tem laser
[23:45:46]  zaianlv: boa noite so7 seu fofo
[23:46:27]  joaogabriel365: kkkk
[23:46:41]  iagosbroglio: kkkkk
[23:46:49]  jeor22: la vai
[23:46:51]  darllan_23: Salve so7 god
[23:46:56]  lucasscooby2: Krl vendo RE5 me lembrou do DPP
[23:47:07]  breno10fernandes: F
[23:47:08]  lobofrenetico: Borro
[23:47:22]  gailahad: WutFace
[23:47:22]  pietro0games: n deu, q pena
[23:47:22]  badwolfinho: Q bosta viu
[23:47:30]  lobofrenetico: Só senti o cheiro mesmo
[23:47:39]  jhonnick: reflexos adolescentais
[23:47:50]  pietro0games: kkkk magina se vc solta no final
[23:47:55]  lobofrenetico: Linguinha pra fora 100%
[23:47:59]  gailahad: F
[23:48:16]  breno10fernandes: F
[23:48:28]  tomateboladao: F
[23:48:35]  tomateboladao: sdds dpp
[23:48:46]  jeor22: kkkkkk
[23:48:55]  vhrs_br1: Boa linda
[23:49:29]  xxsadxxy: boa noite falecido
[23:49:31]  ityanagui: salve SO7
[23:49:36]  romeuk10: ele pegou o emblema na caverna?
[23:49:47]  iagosbroglio: dúvido o colono achar o emblema
[23:49:53]  9cm_guy: HahaBall
[23:50:08]  iagosbroglio: kkkk
[23:50:10]  kubbba_: 16
[23:50:13]  eduardotorres___: so7 genio do emblema
[23:50:13]  respeitadordecasadas24: mata a cobra e chupa o pal
[23:50:37]  d0ug1043: Oii, já fez seu ato solidário hoje? que tal me doar um gift card e garantir seu lugar no céu?
[23:50:47]  zguilherme27: da pra fazer um contador com o tanto de vezes q o colono fala q o jogo ta bonito
[23:50:49]  jeor22: tendi
[23:51:16]  picles77: Oii, já fez seu ato solidário hoje? que tal me dar uma mamada e garantir seu lugar no céu?
[23:51:18]  iagosbroglio: usa a sniper agora
[23:51:48]  respeitadordecasadas24: atirador de elit
[23:51:56]  picles77: só as balinha
[23:52:00]  riversofbabilon: Sopa du macaco
[23:52:12]  picles77: quem vê de primeira acha que sabe mirar
[23:52:21]  combatfernando: kkkkkkk
[23:52:39]  guiguister_: Cheer1 boa noite so7
[23:53:26]  caco1279: brunin10Alenda
[23:53:26]  jaoj_: teste
[23:53:39]  jaoj_: teste 2
[23:54:11]  respeitadordecasadas24: teste 3
[23:54:18]  arthurvarallo: ninguem te obrigou a jogar com o colono
[23:54:22]  arthurvarallo: kk
[23:54:22]  lobofrenetico: Kkkkkkk
[23:54:35]  jhonnick: eu ia falar "é o colono né", mas na verdade, era o so7
[23:54:58]  respeitadordecasadas24: caralhou man, tamanho do tríceps do Chris
[23:55:54]  yleozzin_: O triceps do Chris e o tamanho da minha coxa
[23:56:53]  carlosbmo: Cheer1 Cheer1 Cheer1 Cheer1 Cheer1 Chegar já vendo o Colono se ferrando, que coisa boa kkkkkk Boa noite meus queridos!
[23:57:14]  igor_4raujo: kkkkkkkkk
[23:57:19]  iagosbroglio: teve uns clips bons
[23:57:57]  jpcalgaroto: finalmente peguei gold na chacina da nuketown vtncccc q dificil
[23:58:39]  yspace74: boa noitee
[23:58:44]  respeitadordecasadas24: da combro triplo de melee poxa
[23:58:49]  yspace74: hayaHihi
[23:58:50]  lucasns33: LUL LUL
[23:58:52]  respeitadordecasadas24: combo*
[23:59:24]  xxborratchaxx: olha o clipe
[23:59:29]  lucasns33: kkkk
[23:59:38]  lucas3hunna: kkkkkkkkkkkkkkkk
[23:59:43]  igor_4raujo: kkkkkkkkkkkkk
[23:59:46]  smilezado: karma
[23:59:49]  lobofrenetico: A vida é uma cobra kkkk
[23:59:53]  kevin7richmark: gramada
[23:59:57]  lucasns33: a trolada virou contra o trolador
