# Start logging at 2021-01-11 21:32:40 E. South America Standard Time
[21:32:40] disconnected
[21:32:43] Now hosting StolenBR.
[21:52:23] disconnected
[21:52:25] Now hosting StolenBR.
[22:06:59] disconnected
[22:07:00] Now hosting StolenBR.
[22:29:38] Exited host mode.
[22:30:28]  kaikyeduuuarr: eu vejo com meus olhinhos, um coloninho bem fofinho, bo noite colonete
[22:30:39] colonogamer is live
[22:31:05]  daniceto_: !oi
[22:31:06]  daniceto_: !oi
[22:31:07]  daniceto_: !oi
[22:31:07]  daniceto_: !oi
[22:31:07]  daniceto_: !oi
[22:31:07]  daniceto_: !oi
[22:31:07]  daniceto_: !oi
[22:31:07]  daniceto_: !oi
[22:31:19]  daniceto_: !oi
[22:31:20]  daniceto_: !oi
[22:31:20]  daniceto_: !oi
[22:31:20]  daniceto_: !oi
[22:31:20]  daniceto_: !oi
[22:31:27]  filipefbezerrabr: !oi
[22:31:33]  daniceto_: !oi
[22:31:34]  downn10: !oi
[22:31:35]  mrgodplay: ko senhor
[22:31:36]  ragnarg2_: !oi
[22:31:37]  vindmr: !oi
[22:31:43]  daniceto_: !oigentem
[22:31:53]  filipefbezerrabr: !basico velho chegando atrasada
[22:31:54]  vindmr: !dando3
[22:31:59]  bielcastrado: !oi
[22:32:02]  sophie_hailyyy: opa salvando minha segunda KKKKK
[22:32:14]  danxi_realoficial: !táatrasado ao som de !entalado
[22:32:17]  taskgroup_cm: !oi
[22:32:19]  vindmr: @sophie_hailyyy como assim segunda hoje é quarta filho
[22:32:24]  vindmr: !oi
[22:32:29]  daniceto_: !oigentem
[22:32:35]  sophie_hailyyy: @vindmr hayaKEK
[22:32:35]  danxi_realoficial: !oi
[22:32:42]  gustavobonacin: !oi
[22:32:42]  filipefbezerrabr: !oi @daniceto_
[22:32:42]  gustavo_bak: !oi
[22:32:44]  daniceto_: !oi
[22:32:48]  daniceto_: !oi filipefbezerrabr
[22:32:51]  daniceto_: !oi danxi_realoficial
[22:32:56]  danxi_realoficial: !Oi
[22:32:59]  filipefbezerrabr: !oi @danxi_realoficial
[22:33:06]  danxi_realoficial: !oi
[22:33:09]  turmadamao: !oi
[22:33:13]  felipeb1992: !entalado
[22:33:13]  gabifx: !oi
[22:33:14]  gabifx: !oi
[22:33:14]  gabifx: !oi
[22:33:14]  gabifx: !oi
[22:33:19]  fulll_pistolaa: !oi
[22:33:19]  danxi_realoficial: !Oi
[22:33:20]  daniceto_: !oi GabiFx
[22:33:20]  sophie_hailyyy: !oi
[22:33:20]  vindmr: !oi
[22:33:22]  filipefbezerrabr: !oi @GabiFx
[22:33:26]  fulll_pistolaa: fdefumo
[22:33:28]  daniceto_: !boom
[22:33:28]  danxi_realoficial: !oi
[22:33:30]  gabifx: minha luz pode acabar a qualquer momento mas vim deixar meu !oi
[22:33:34]  gabifx: !oi @daniceto_ @filipefbezerrabr
[22:33:34]  turmadamao: !entalado
[22:33:37]  daniceto_: !boom
[22:33:40]  fulll_pistolaa: !fdefumo
[22:33:43]  dudutwitchtv: Calma, qual velho vai carregar qual? Hehe
[22:33:45]  danxi_realoficial: não pagou a conta?
[22:33:45]  gabifx: !fdefumo
[22:33:47]  turmadamao: !boom
[22:33:47]  colonogamer: You must be a Subscriber - Tier 1 to do this.
[22:33:47]  daniceto_: !boom
[22:33:51]  turmadamao: !defumo
[22:33:53]  ator_pago: !oi
[22:33:57]  daniceto_: !oof
[22:34:00]  spd_raaff: !ahnao
[22:34:01]  danxi_realoficial: !oi
[22:34:02]  colonogamer: You must be a Subscriber - Tier 1 to do this.
[22:34:02]  daniceto_: !boom
[22:34:03]  vindmr: !oi
[22:34:06]  fulll_pistolaa: !oi
[22:34:06]  bigodinbrabo: !oi
[22:34:08]  daniceto_: !oof
[22:34:09]  ator_pago: !queroseu
[22:34:09]  daniceto_: !oof
[22:34:09]  kiluart56: I ssss
[22:34:11]  daniceto_: !oof
[22:34:12]  daniceto_: !oof
[22:34:12]  raulzin9090: !oi
[22:34:13]  danxi_realoficial: !Oi
[22:34:15]  daniceto_: !oof
[22:34:18]  daniceto_: !oof
[22:34:19]  mendes200: !oi
[22:34:21]  daniceto_: !boom
[22:34:21]  gabifx: me descola essa playlist ai @daniceto_ açlsdlaksd
[22:34:22]  daniceto_: !oof
[22:34:24]  overlord7575: oiiiiiii
[22:34:32]  sophie_hailyyy: aeee
[22:34:33]  ator_pago: !doc
[22:34:37]  daniceto_: GabiFx é do barba azul ai
[22:34:38]  fulll_pistolaa: CurseLit 2020Shred 2020Shred CurseLit
[22:34:39]  danxi_realoficial: !oi
[22:34:39]  bigodinbrabo: !oof
[22:34:41]  daniceto_: eu nao tenho nao
[22:34:45]  felipeb1992: !oigentem
[22:34:45]  daniceto_: !oof
[22:34:45]  colonogamer: You must be a Subscriber - Tier 1 to do this.
[22:34:46]  vert1999: !oi
[22:34:48]  daniceto_: !boom
[22:34:52]  danxi_realoficial: hofg
[22:34:53]  vindmr: !oi
[22:34:53]  daniceto_: !oof
[22:34:56]  gabifx: !oof
[22:34:58]  kiluart56: offf
[22:35:00]  gabifx: !oof
[22:35:01]  gabifx: !oof
[22:35:02]  daniceto_: !facepalm
[22:35:02]  bigodinbrabo: kkkkkkkkkkkkk olha como ele vem
[22:35:02]  guiimedeiiros: !oi
[22:35:04]  filipefbezerrabr: !basico velho chegando atrasado
[22:35:06]  daniceto_: !oof
[22:35:07]  raulzin9090: !oi
[22:35:08]  ator_pago: !sumiu
[22:35:10]  daniceto_: !oof
[22:35:11]  danxi_realoficial: !vergonha
[22:35:11]  daniceto_: !oof
[22:35:12]  daniceto_: !oof
[22:35:12]  daniceto_: !oof
[22:35:14]  felipeb1992: !entalado
[22:35:15]  daniceto_: !facepalm
[22:35:18]  frexnet: !oof
[22:35:18]  daniceto_: !boom
[22:35:19]  guiimedeiiros: !oof
[22:35:20]  colonogamer: You must be a Subscriber - Tier 1 to do this.
[22:35:21]  kiluart56: ooff
[22:35:25]  bigodinbrabo: !oof
[22:35:25]  daniceto_: !oof
[22:35:31]  daniceto_: !oof
[22:35:32]  gabifx: !cudovandep
[22:35:32]  danxi_realoficial: Ta atrasado
[22:35:33]  daniceto_: !oof
[22:35:35]  kiluart56: loof
[22:35:41]  daniceto_: !boom
[22:35:43]  bigodinbrabo: !entalado
[22:35:44]  daniceto_: !oof
[22:35:44]  daniceto_: !oof
[22:35:45]  daniceto_: !oof
[22:35:47]  bigodinbrabo: !cudovandep
[22:35:48]  gabifx: !entalado
[22:35:51]  guiimedeiiros: !so7
[22:35:52]  felipeb1992: entalado pra rimar com atrasado
[22:35:56]  gabifx: !dando3
[22:35:56]  gabifx: !dando3
[22:35:57]  allan_1202: !oi
[22:35:57]  gabifx: !dando3
[22:35:57]  filipefbezerrabr: !basico velho chegando atrasado
[22:36:00]  daniceto_: !calma
[22:36:08]  vindmr: !oi
[22:36:08]  danxi_realoficial: !vaidarmerda
[22:36:08]  bigodinbrabo: !calma
[22:36:12]  kingnael: !oi
[22:36:14]  daniceto_: !soseti
[22:36:14]  daniceto_: !soseti
[22:36:14]  daniceto_: !soseti
[22:36:15]  daniceto_: !soseti
[22:36:19]  sophie_hailyyy: so7
[22:36:24]  bigodinbrabo: !soseti
[22:36:28]  gabifx: !soseti
[22:36:32]  zigfried2010: !oi
[22:36:34]  robertoducca: iai cara boa noite!!!!!descansou colono ?????
[22:36:45]  zigfried2010: !oi @daniceto_
[22:36:46]  danxi_realoficial: !vaidarmerdA
[22:36:50]  daniceto_: !oi zigfried2010
[22:36:57]  felipeb1992: !entalado
[22:37:16]  danxi_realoficial: esses velhos vampiros
[22:37:18]  daniceto_: !ahnao
[22:37:24]  xicopaiva: vai ficar gravada??
[22:37:30]  kiluart56: FootBall PowerUpR PowerUpR PowerUpL Squid4 Squid3 Squid2 Squid1
[22:37:40]  frexnet: kkkkkkkkkkkkkkkkkkkkkkkk
[22:37:40]  vindmr: To entalado! To entaladoooooo!!!!!!
[22:37:45]  bigodinbrabo: !fdefumo
[22:37:46]  daniceto_: cade o coque samurai???
[22:37:48]  bat1s7aarao: !audios
[22:37:48]  daniceto_: !arregou
[22:37:49]  danxi_realoficial: !viagem
[22:37:49]  sophie_hailyyy: puxada até às 4:30
[22:37:50]  colonogamer: Apenas os subs podem sonzinhos pra bugar o Colono nas lives. Confira os áudios -> https://bit.ly/audios_colono
[22:37:55]  felipeb1992: !calma
[22:37:55]  colonogamer: You must be a Subscriber - Tier 1 to do this.
[22:37:55]  turmadamao: !ahnao
[22:37:55]  colonogamer: This command is currently on cooldown, please wait another 23 second(s).
[22:37:58]  daniceto_: cade o coque samurai???
[22:37:58]  juancarlombxd: f de fumo no teu cu!
[22:37:59]  daniceto_: cade o coque samurai???
[22:38:00]  daniceto_: cade o coque samurai???
[22:38:00]  daniceto_: cade o coque samurai???
[22:38:02]  taylorselbst: !oi Colono & chat ♡
[22:38:05]  bigodinbrabo: puxada até 04:20
[22:38:07]  kiluart56: loof
[22:38:10]  daniceto_: !pqp
[22:38:10]  xicopaiva: vai ficar gravada a live?
[22:38:15]  danxi_realoficial: joga os cabelos
[22:38:15]  felipeb1992: !entalado
[22:38:20]  bigodinbrabo: !ahnao
[22:38:25]  ator_pago: !pele
[22:38:27]  natalybzt: !oi
[22:38:32]  danxi_realoficial: !quegostoso
[22:38:35]  vindmr: 3° heish???
[22:38:38]  danxi_realoficial: kkkkk
[22:38:41]  reche1600: !oi
[22:38:43]  turmadamao: !ahnao
[22:38:43]  colonogamer: This command is currently on cooldown, please wait another 37 second(s).
[22:38:44]  danxi_realoficial: !ahnao
[22:38:44]  colonogamer: This command is currently on cooldown, please wait another 36 second(s).
[22:38:45]  salucatelli: ai sim
[22:38:48]  vandepcaiuvandepcaiu: !oi
[22:38:48]  daniceto_: pummel tem novidades
[22:38:49]  daniceto_: pummel tem novidades
[22:38:49]  daniceto_: pummel tem novidades
[22:38:49]  danxi_realoficial: !pele
[22:38:49]  daniceto_: pummel tem novidades
[22:38:54]  danxi_realoficial: naooo
[22:38:55]  bigodinbrabo: so7 terminando de matar o pummel
[22:39:10]  vindmr: Nostagia ghosts
[22:39:18]  filipefbezerrabr: Tomou banhinho e ta cheirozim Colono. Dormiu bem?
[22:39:23]  guigafx: nostalgia é dbd com o S07 errando skill check
[22:39:26]  bigodinbrabo: se vc reviver o pummel, as donates vão cantar
[22:39:27]  abraaum_pc: @ColonoGamer ae colono ja viu o 2020 em 1 musica do LucasInultilismo?
[22:39:27]  danxi_realoficial: outro joguinho pf, nem pummel nem among
[22:39:43]  daniceto_: tem 4 novos mini games
[22:39:56]  danxi_realoficial: !nao
[22:39:57]  bigodinbrabo: o futebol nunca vai morrer
[22:40:04]  guiimedeiiros: SO7 sem coração
[22:40:11]  danxi_realoficial: !futebool
[22:40:17]  bigodinbrabo: kkkkkkkkkkkkkkk so7 tá puto
[22:40:18]  ator_pago: !so7fdp
[22:40:25]  henriquecastro08: eai quem caiu primeiro ontem??
[22:40:31]  vindmr: Enzo tá chorando agora meu pai tem outro filho :( :(
[22:40:32]  turmadamao: !ahnao
[22:40:33]  colonogamer: You must be a Subscriber - Tier 1 to do this.
[22:40:33]  daniceto_: ah nao dublado de novo?!?!
[22:40:35]  raulzin9090: colonoRage dubzCoquinha colonoRage dubzCoquinha colonoRage dubzCoquinha colonoRage dubzCoquinha colonoRage dubzCoquinha colonoRage dubzCoquinha colonoRage dubzCoquinha colonoRage dubzCoquinha
[22:40:41]  daniceto_: !porra
[22:40:52]  vinicius_agow: !oi
[22:40:58]  bigodinbrabo: !oi
[22:41:02]  sophie_hailyyy: kkkkkkkkkk
[22:41:05]  cambota26: !burro
[22:41:07]  colonogamer: You must be a Subscriber - Tier 1 to do this.
[22:41:13]  danxi_realoficial: !nao
[22:41:26]  daniceto_: !euvi
[22:41:27]  daniceto_: !euvi
[22:41:28]  daniceto_: !euvi
[22:41:31]  juancarlombxd: po, qual é o contexto do f de fumo no teu cu?
[22:41:32]  danxi_realoficial: !paunocu
[22:41:38]  danxi_realoficial: !exatamente
[22:42:01]  daniceto_: apostinha ta rolando ja hein
[22:42:01]  daniceto_: apostinha ta rolando ja hein
[22:42:02]  daniceto_: apostinha ta rolando ja hein
[22:42:03]  jeangnr: !oi
[22:42:04]  jeangnr: !oi
[22:42:04]  jeangnr: !oi
[22:42:05]  jeangnr: !oi
[22:42:05]  jeangnr: !oi
[22:42:06]  guigafx: !oi
[22:42:10]  henriquecastro08: gente quem caiu primeiro ontem?
[22:42:11]  daniceto_: !oi JeanGnR
[22:42:11]  jeangnr: !fdp @daniceto_
[22:42:14]  danxi_realoficial: !oi
[22:42:15]  zeca_paugordinho_z: !oigentem
[22:42:16]  jeangnr: !oi @daniceto_
[22:42:16]  taylorselbst: !oi
[22:42:17]  sophie_hailyyy: mkkkkkkkk
[22:42:18]  juancarlombxd: po, qual é o contexto do f de fumo no teu cu?
[22:42:19]  vindmr: !oi
[22:42:21]  daniceto_: apostinha ta rolando ja hein
[22:42:22]  daniceto_: apostinha ta rolando ja hein
[22:42:22]  daniceto_: apostinha ta rolando ja hein
[22:42:22]  sophie_hailyyy: bora bora
[22:42:34] disconnected
[22:42:37]  jeangnr: !oi @filipefbezerrabr
[22:42:39]  sophie_hailyyy: tá em que chapter ?
[22:42:41]  jeangnr: !pipipi
[22:42:44]  danxi_realoficial: !pipipi
[22:42:45]  bigodinbrabo: !pipipi
[22:42:46]  jeangnr: !pipipi
[22:42:46]  daniceto_: !pipipi ??
[22:42:47]  ator_pago: !pipipi
[22:42:48]  jeangnr: !pipipi
[22:42:50]  turmadamao: !ahnao
[22:42:51]  colonogamer: You must be a Subscriber - Tier 1 to do this.
[22:42:51]  jeangnr: !pipipi
[22:42:53]  danxi_realoficial: !pipipI
[22:42:53]  zeca_paugordinho_z: !pipipi
[22:42:56]  jeangnr: !pipipi
[22:42:56]  ator_pago: !pipipi j
[22:42:58]  reche1600: !pipipi
[22:42:58]  danxi_realoficial: !pipipi
[22:42:59]  colonogamer: You must be a Subscriber - Tier 1 to do this.
[22:43:02]  jeangnr: !pipipi
[22:43:02]  henriquecastro08: quem caiu primeiro ontem mods??
[22:43:03]  mrgodplay: !pipipi
[22:43:04]  colonogamer: You must be a Subscriber - Tier 1 to do this.
[22:43:06]  daniceto_: pode banir o fabio pipipi ??
[22:43:07]  danxi_realoficial: !pipipI
[22:43:07]  daniceto_: pode banir o fabio pipipi ??
[22:43:08]  tonymb2511: boa noite a todos
[22:43:08]  cordovafellipe: !oi
[22:43:09]  sophie_hailyyy: kkkkkkkkk
[22:43:11]  fabiopipipi: oi
[22:43:16]  danxi_realoficial: !pipipi
[22:43:17]  sophie_hailyyy: iiii ala
[22:43:18]  bigodinbrabo: !pipipi
[22:43:19]  daniceto_: @fabiopipipi
[22:43:19]  iluzen: !pipipi
[22:43:19]  fabiopipipi: chamou??
[22:43:19]  daniceto_: @fabiopipipi
[22:43:20]  daniceto_: @fabiopipipi
[22:43:20]  daniceto_: @fabiopipipi
[22:43:20]  jeangnr: !ban @fabiopipipi
[22:43:20]  daniceto_: @fabiopipipi
[22:43:20]  daniceto_: @fabiopipipi
[22:43:20]  daniceto_: @fabiopipipi
[22:43:21]  daniceto_: @fabiopipipi
[22:43:21]  daniceto_: @fabiopipipi
[22:43:23]  jeangnr: !pipipi
[22:43:23]  daniceto_: !pipipi
[22:43:25]  jeangnr: !pipipi
[22:43:25]  daniceto_: !pipipi
[22:43:25]  jeangnr: !pipipi
[22:43:25]  daniceto_: !pipipi
[22:43:25]  daniceto_: !pipipi
[22:43:25]  daniceto_: !pipipi
[22:43:26]  jeangnr: !pipipi
[22:43:27]  jeangnr: !pipipi
[22:43:27]  zeca_paugordinho_z: !pipipi
[22:43:27]  jeangnr: !pipipi
[22:43:29]  jeangnr: !pipipi
[22:43:30]  jeangnr: !pipipi
[22:43:30]  fabiopipipi: Aeeeeeeeeeeeeee
[22:43:31]  reche1600: !pipipi
[22:43:31]  colonogamer: You must be a Subscriber - Tier 1 to do this.
[22:43:33]  jeangnr: !pipipi
[22:43:33]  zeca_paugordinho_z: !mijar
[22:43:34]  vindmr: !oi
[22:43:35]  guigafx: !pipipi
[22:43:36]  vandepcaiuvandepcaiu: kkkkkkkkkkkkk
[22:43:36]  colonogamer: You must be a Subscriber - Tier 1 to do this.
[22:43:36]  danxi_realoficial: !Pipipi
[22:43:36]  zeca_paugordinho_z: !pipipi
[22:43:36]  brunoxdonato: KKKKKKKKKKK
[22:43:37]  jeangnr: !pipipi
[22:43:38]  ator_pago: !pipipi
[22:43:39]  ylucaao: !pipipi
[22:43:40]  gawyz: !pipipi
[22:43:40]  kiluart56: pipipi
[22:43:41]  colonogamer: You must be a Subscriber - Tier 1 to do this.
[22:43:41]  danxi_realoficial: !pipipi
[22:43:41]  daniceto_: !pare
[22:43:42]  colonogamer: You must be a Subscriber - Tier 1 to do this.
[22:43:43]  iluzen: !oi
[22:43:45]  sophie_hailyyy: tudo bao
[22:43:45]  jeangnr: !oi @ColonoGamer
[22:43:47]  vandepcaiuvandepcaiu: !oi
[22:43:47]  bigodinbrabo: !oi coloninho
[22:43:48]  zeca_paugordinho_z: !oi @ColonoGamer
[22:43:49]  jeangnr: !calma
[22:43:51]  henriquecastro08: quem caiu primeiro ontem colono/mods?
[22:43:52]  lllmaker: !oi
[22:43:52]  joaozin_tide1: colonão ❤️
[22:43:53]  cozlercae: muito boa noite :)
[22:43:54]  filipefbezerrabr: !oi @ColonoGamer
[22:43:55]  cordovafellipe: oi
[22:43:55]  taylorselbst: ScaredyCat
[22:43:56]  funkyvoltapratwitchjosne1: !oi
[22:43:56]  danxi_realoficial: !oi
[22:43:56]  sophie_hailyyy: gagaus
[22:43:56]  gustavobonacin: !oi
[22:43:59]  raulzin9090: oiiii
[22:43:59]  daniceto_: @henriquecastro08 o so7
[22:44:00]  bigodinbrabo: !oi
[22:44:01]  guiimedeiiros: !oi
[22:44:01]  daniceto_: !oi
[22:44:01]  zypeex: !oi
[22:44:02]  daniceto_: !oi
[22:44:02]  yato_0202: olar
[22:44:02]  daniceto_: !oi
[22:44:02]  daniceto_: !oi
[22:44:02]  daniceto_: !oi
[22:44:03]  daniceto_: !oi
[22:44:03]  lllmaker: 1oi
[22:44:03]  daniceto_: !oi
[22:44:03]  sophie_hailyyy: !oi
[22:44:04]  taskgroup_cm: @oi
[22:44:04]  guigafx: !oi
[22:44:04]  gafeitosa: !oi
[22:44:04]  nome_aleatorio_png: !oi
[22:44:05]  betchinho: oi
[22:44:05]  iagosbroglio: !oigentem
[22:44:05]  vinicius_agow: oi colonooooo
[22:44:05]  skdfelipe: boa noite Coloninho 💚
[22:44:05]  lllmaker: !oi
[22:44:06]  raulzin9090: ooi
[22:44:06]  geovaneclipes: boa noite !oi
[22:44:06]  mattnk8: !oi
[22:44:06]  sweettempestt: @henriquecastro08 so7
[22:44:07]  iveryhard: !oi
[22:44:07]  reche1600: !oi
[22:44:07]  ator_pago: !oi
[22:44:07]  camis____: !oi
[22:44:08]  raulzin9090: oi
[22:44:09]  vinicius_agow: !oi
[22:44:09]  rafaeltwo: boa noite lindu de bunitu
[22:44:10]  joaozin_tide1: !oi
[22:44:10]  yato_0202: !oi
[22:44:10]  gawyz: !oi
[22:44:12]  lupuhs: !oi
[22:44:13]  raulzin9090: !oi
[22:44:13]  brzezinski_1: Ooi
[22:44:14]  henriquecastro08: @daniceto_ Oloko, perdi a aposta, mas obg
[22:44:14]  vindmr: salveeeeeeee
[22:44:14]  go_jofre: !oi
[22:44:15]  mudeimeunome: boa noite colono, vim pelo pipipi
[22:44:15]  sophie_hailyyy: oii
[22:44:16]  farofino33: !oigentem
[22:44:16]  wannderson: !oi
[22:44:17]  cordovafellipe: !oi
[22:44:18]  turmadamao: !oi
[22:44:21]  difogog: !oi
[22:44:21]  henriquecastro08: @sweettempestt perdi
[22:44:22]  dkmplayer: oii
[22:44:23]  carllosgnc: oi colono
[22:44:23]  raulzin9090: oi
[22:44:23]  daniceto_: !mijar e pegar comida ja volto
[22:44:24]  chupacabravegano: !oi
[22:44:24]  filipefbezerrabr: !oi
[22:44:25]  danxi_realoficial: !Oi
[22:44:26]  jrrocky: !oi
[22:44:27]  brzezinski_1: Oii
[22:44:27]  taylorselbst: ♡ !oi ♡
[22:44:28]  bernardino255: !oi
[22:44:30]  sophie_hailyyy: rali é triste
[22:44:30]  ator_pago: !oigentem
[22:44:31]  betchinho: Olá
[22:44:32]  jeangnr: !oof
[22:44:32]  funkyvoltapratwitchjosne1: !oi
[22:44:32]  vandepcaiuvandepcaiu: !oi
[22:44:32]  henriquecastro08: oi colono
[22:44:33]  danxi_realoficial: !oi
[22:44:33]  raulzin9090: boa noite gostozin
[22:44:33]  gustavobonacin: !oi
[22:44:35]  lluk1d: oiiinnnnnnn
[22:44:37]  joaozin_tide1: !pipipi
[22:44:37]  colonogamer: You must be a Subscriber - Tier 1 to do this.
[22:44:39]  daniceto_: @ColonoGamer tem poucos audios novos??????
[22:44:39]  daniceto_: @ColonoGamer tem poucos audios novos??????
[22:44:39]  danxi_realoficial: !Oi
[22:44:39]  daniceto_: @ColonoGamer tem poucos audios novos??????
[22:44:41]  iveryhard: Boa Noite Colono
[22:44:41]  vindmr: !oi
[22:44:42]  tiubigode: oii Colonete <3
[22:44:42]  vavathomaz: boa noite gangue colonal
[22:44:42]  filipefbezerrabr: !delicia
[22:44:42]  geovaneclipes: !oi
[22:44:43]  lllmaker: !oi
[22:44:44]  zeca_paugordinho_z: !safadeza
[22:44:44]  reche1600: !pipipi
[22:44:45]  colonogamer: You must be a Subscriber - Tier 1 to do this.
[22:44:45]  eunaotenho3481: cavalo
[22:44:46]  danxi_realoficial: !safadeza
[22:44:47]  guiimedeiiros: !piroca
[22:44:47]  ator_pago: !delicia
[22:44:48]  brzezinski_1: BabyRage ooi
[22:44:49]  bigodinbrabo: !jadei
[22:44:51]  raulzin9090: oiii
[22:44:53]  danxi_realoficial: !oi
[22:44:56]  besapecudinho: boa night colonete
[22:45:01]  dkmplayer: oi
[22:45:03]  zeca_paugordinho_z: !oque
[22:45:03]  danxi_realoficial: !chupa
[22:45:06]  lluk1d: oiiinnnnnnnn
[22:45:07]  geovaneclipes: !mijar
[22:45:10]  iluzen: !nice
[22:45:10]  daniceto_: ainda vai ter mais
[22:45:11]  danxi_realoficial: !dando4
[22:45:12]  lllmaker: @ColonoGamer posso testar os áudios
[22:45:13]  lllmaker: ?
[22:45:15]  victorteruya: a
[22:45:16]  daniceto_: vamos bater 500
[22:45:17]  sophie_hailyyy: kkkkkkkk
[22:45:18]  reche1600: !pipipi
[22:45:18]  colonogamer: You must be a Subscriber - Tier 1 to do this.
[22:45:19]  filipefbezerrabr: !nice
[22:45:21]  zeca_paugordinho_z: !fino @daniceto_
[22:45:26]  victorteruya: !volto
[22:45:30]  kiluart56: loof
[22:45:34]  victorteruya: !mijar
[22:45:36]  sophie_hailyyy: tendi NA streamer
[22:45:38]  bigodinbrabo: kkkkkkkkkkk
[22:45:39]  zeca_paugordinho_z: hahahahaha
[22:45:39]  daniceto_: !jeffri
[22:45:41]  danxi_realoficial: só viu elogiar quando chegar os novos áudios na minha mesa @daniceto_
[22:45:42]  bigodinbrabo: !mentiroso
[22:46:00]  lukinhas_66: !oi
[22:46:00]  gawyz: hayaAtor hayaAtor hayaAtor
[22:46:37]  sophie_hailyyy: kkkkkkkkkkkkkkkk
[22:46:39]  wannderson: kkkkkkkkkkkkkkk
[22:46:46]  daniceto_: !javolto vo peega comida
[22:46:48]  taylorselbst: hayaGrassado
[22:46:51]  kiluart56: colono sou novo na live te sigo desde ontem como funciona esa negocio dos oudios na live
[22:47:06]  nome_aleatorio_png: do leon no re4 e foda
[22:47:07]  gawyz: D:
[22:47:11]  lucaswk22: hayaGrassado
[22:47:11]  sophie_hailyyy: kkkkkkkkkkk eita
[22:47:13]  zeca_paugordinho_z: @kiluart56 !audios
[22:47:16]  xfaakz: slv colonooo!! te assisto desde a epoca de bo2, seu lindo
[22:47:16]  sophie_hailyyy: !batera
[22:47:36]  danxi_realoficial: !audios
[22:47:36]  zeca_paugordinho_z: !audios
[22:47:44]  sophie_hailyyy: indule
[22:47:44]  danxi_realoficial: !crasho
[22:47:48]  danxi_realoficial: kkkkkk
[22:47:57]  danxi_realoficial: cade o link dos audios?
[22:47:59]  taylorselbst: aposentoule
[22:48:05]  zeca_paugordinho_z: Crashamo o Bot @danxi_realoficial
[22:48:15]  danxi_realoficial: !euvi
[22:48:22]  zeca_paugordinho_z: Voltou
[22:48:24]  sophie_hailyyy: 2-3
[22:48:28]  zeca_paugordinho_z: !audios
[22:48:29]  colonogamer: Apenas os subs podem sonzinhos pra bugar o Colono nas lives. Confira os áudios -> https://bit.ly/audios_colono
[22:48:30]  filipefbezerrabr: !audios
[22:48:30]  colonogamer: Apenas os subs podem sonzinhos pra bugar o Colono nas lives. Confira os áudios -> https://bit.ly/audios_colono
[22:48:34]  zeca_paugordinho_z: Agora foi
[22:48:36]  jefff: !fdefumo
[22:48:39]  danxi_realoficial: humm
[22:48:40]  jefff: !fdefumo
[22:48:41]  zeca_paugordinho_z: !jeff
[22:48:43]  danxi_realoficial: !jeff
[22:48:46]  jeangnr: !jeff
[22:48:46]  jeangnr: !jeff
[22:48:47]  jeangnr: !jeff
[22:48:47]  jeangnr: !jeff
[22:48:50]  danxi_realoficial: !jeffri
[22:48:51]  filipefbezerrabr: !jeff
[22:48:52]  danxi_realoficial: !piroca
[22:48:53]  alevixgamer2020: desafio r4 só pistolas,sem mira sem danos,faca só em objetos,comendo uma laranja a cada 30 min sem ser speedrun acha que consegue?
[22:48:55]  bzgod_: !oi
[22:48:55]  jefff: !fdefumo
[22:48:57]  jefff: !pipipi
[22:48:58]  jeangnr: !jeff
[22:49:00]  urbanes: Qual é a config do seu pc colono?
[22:49:04]  danxi_realoficial: !jeff
[22:49:05]  taylorselbst: !oi Jeff o Carneiro 🐏
[22:49:06]  zeca_paugordinho_z: !jeFF
[22:49:09]  jeangnr: !jeff
[22:49:10]  sophie_hailyyy: f5
[22:49:12]  vindmr: !oi
[22:49:16]  gawyz: !jeff
[22:49:16]  colonogamer: You must be a Subscriber - Tier 1 to do this.
[22:49:20]  jefff: !fdefumo
[22:49:23]  danxi_realoficial: !piroca
[22:49:28]  zeca_paugordinho_z: !piroca
[22:49:28]  danxi_realoficial: !cudovandep
[22:49:35]  jeangnr: !quero
[22:49:38]  jeangnr: !cudovandep
[22:49:44]  danxi_realoficial: !jeffri
[22:49:51]  raulzin9090: colonoRage colonoRage colonoRage colonoRage colonoRage colonoRage colonoRage colonoRage colonoRage colonoRage colonoRage
[22:49:51]  sophie_hailyyy: ez clap
[22:49:53]  vindmr: uns
[22:49:55]  zeca_paugordinho_z: !mijar
[22:49:57]  jeangnr: !oi
[22:50:12]  guiimedeiiros: Motos gargoile
[22:50:28]  jeangnr: !voucair
[22:50:34]  sophie_hailyyy: KKKKKKKKKK
[22:50:54]  edilsonlsf: os 2 melhores velhos da internet fazendo live... não sei qual assistir NotLikeThis
[22:51:20]  ator_pago: !HA
[22:51:23]  galexander17: @edilsonlsf to nessa tbm
[22:51:27]  jeangnr: !amarelo
[22:51:44]  opressor1903: !oi
[22:51:51]  danxi_realoficial: !boom
[22:51:55]  danxi_realoficial: !boom1
[22:51:59]  jefff: sao zumbies dirigindo as motos?
[22:52:21]  ator_pago: sim
[22:52:22]  sophie_hailyyy: são
[22:52:22]  jonasmendes9: São kkkkkkkkk
[22:52:26]  danxi_realoficial: @jefff pois eh
[22:52:27]  nome_aleatorio_png: são
[22:52:33]  filipefbezerrabr: !exatamente @JeFFF
[22:52:56]  danxi_realoficial: esqueci de apostar
[22:53:03]  danxi_realoficial: NotLikeThis
[22:53:11]  sophie_hailyyy: Michael Bay
[22:53:12]  zeca_paugordinho_z: !morrer
[22:53:14]  danxi_realoficial: !morrer
[22:53:20]  danxi_realoficial: !boom
[22:53:29]  raulzin9090: dubzCoquinha dubzCoquinha dubzCoquinha dubzCoquinha dubzCoquinha dubzCoquinha dubzCoquinha dubzCoquinha dubzCoquinha dubzCoquinha dubzCoquinha dubzCoquinha dubzCoquinha dubzCoquinha uma coquinha god ne povo
[22:53:36]  fabiopipipi: uhauhauhauha
[22:53:36]  danxi_realoficial: !bbom1
[22:53:47]  henriquecastro08: ele tá jogando no Xbox?
[22:53:49]  ator_pago: !nice
[22:54:03]  zeca_paugordinho_z: !boom1
[22:54:03]  danxi_realoficial: !boom1
[22:54:17]  sophie_hailyyy: ez
[22:54:20]  matheuslamha: Boa noite Colono. Planejam zerar o 6 também?
[22:54:22]  fabiopipipi: @henriquecastro08 PC
[22:54:27]  danxi_realoficial: !booM1
[22:54:38]  henriquecastro08: @fabiopipipi pode crer, vlw
[22:54:44]  juniorkotelak: o coop do 6 e meio memes
[22:55:00]  filipefbezerrabr: !pqp
[22:55:01]  danxi_realoficial: !delicia
[22:55:07]  ator_pago: skin de puto
[22:55:08]  sophie_hailyyy: gatão
[22:55:09]  felipeb1992: !entalado
[22:55:23]  dididhb: Boa noite @ColonoGamer
[22:55:24]  rmllu: !entalado
[22:55:26]  henriquecastro08: e o 7 vão zerar?
[22:55:29]  natalybzt: SeemsGood
[22:55:34]  dididhb: !oi @ColonoGamer
[22:55:40]  eduardotorres___: !oi
[22:55:41]  c3v3ros: !oi
[22:55:41]  danxi_realoficial: !gg
[22:55:43]  iluzen: !gg
[22:55:47]  ator_pago: !vaidarmerda
[22:55:51]  biiieerxpg: !oi
[22:55:52]  juniorkotelak: o 7 o colono ja zerou neh ?
[22:55:59]  ryanpiressilva: boa noite colono meu broxa favorito
[22:56:02]  v1nig: !oi
[22:56:02]  dididhb: !oi tudo mundo :D
[22:56:06]  sophie_hailyyy: e mais cego
[22:56:10]  henriquecastro08: Acho que o 5 ele zerou tbm
[22:56:22]  ator_pago: !brabo
[22:56:29]  sophie_hailyyy: vai vai vai
[22:57:02]  neves811: colono carregando o so 7
[22:57:29]  felipeb1992: !sorvete
[22:57:29]  colonogamer: You must be a Subscriber - Tier 1 to do this.
[22:57:50]  danxi_realoficial: !danabunda
[22:57:51]  sophie_hailyyy: qqq
[22:58:09]  henriquecastro08: vamo como, colabora com a aposta
[22:58:10]  mr_aderocha: !oi
[22:58:14]  guiimedeiiros: !burro1
[22:58:15]  sophie_hailyyy: pqp NA so7
[22:58:31]  danxi_realoficial: !nc
[22:58:38]  ator_pago: !so7fdp
[22:58:40]  iluzen: !burro1
[22:58:41]  mr_aderocha: Boa noite chat
[22:58:56]  danxi_realoficial: kakakaka
[22:58:58]  zigfried2010: kkkkkkkkkkkkkkkkk
[22:58:59]  danxi_realoficial: !doc
[22:58:59]  juniorkotelak: tiozao isso
[22:59:00]  iluzen: uahssuahuashua
[22:59:15]  sophie_hailyyy: mdsssss
[22:59:20]  juniorkotelak: 1 milimetro
[22:59:20]  fabiopipipi: so tem um teco
[22:59:23]  zeca_paugordinho_z: !morrer
[22:59:37]  kiluart56: aee
[22:59:38]  danxi_realoficial: alguem ganhouuu
[22:59:39]  guiimedeiiros: !efi
[22:59:41]  ator_pago: !so7fdp
[22:59:41]  sophie_hailyyy: aweee
[22:59:45]  matapatoofficial: PUTZ! tenso!
[22:59:46]  sophie_hailyyy: so7 morreu primeiro
[22:59:48]  henriquecastro08: não valeu ne?
[22:59:49]  mathjoestarr: eai
[22:59:57]  henriquecastro08: Pq teoricamente eles morreram juntos
[23:00:20]  henriquecastro08: água coca latao
[23:00:21]  mathjoestarr: Colono cadê o dbd irmão?
[23:00:56]  kiluart56: so7 moreu primero ja
[23:01:17]  snowzonkg: cOLOGAMER ESTA PARECENDO o PAI tambem joga ksksksks
[23:01:20]  edilsonlsf: !comandos
[23:01:20]  colonogamer: --> !audios !canal !clip !comandoGTA !dicas !discord !followage !gorjeta !pau !pagando !produção !sub !uptime !twitter - use com sapiência.
[23:01:21]  snowzonkg: versao idosa
[23:01:21]  math_oliveira_: sera q fecha hj?
[23:01:24]  mathjoestarr: kkkkskksskkssk
[23:01:36]  mathjoestarr: colono ta vein né
[23:01:38]  raulzin9090: !pah
[23:01:48]  raulzin9090: !pau
[23:01:48]  colonogamer: Quem não gosta de uma paulada gostosa na cara!!
[23:01:58]  raulzin9090: kkkkkkkkk
[23:02:02]  danxi_realoficial: !boom
[23:02:03]  sepulcrumsumus: Adogo
[23:02:19]  snowzonkg: o velho tambem joga
[23:02:20]  mathjoestarr: colono é o veio também joga
[23:02:22]  danxi_realoficial: !danabunda
[23:02:26]  raulzin9090: !gorjeta
[23:02:26]  colonogamer: Quer dar aquela ajudadinha nas lives ? https://streamlabs.com/colonogamer1
[23:02:28]  daniceto_: !voltei
[23:02:33]  daniceto_: cabo a apostinha jja??
[23:02:41]  moretts06: !oi
[23:02:42]  math_oliveira_: eles morreram
[23:02:45]  danxi_realoficial: !gg
[23:02:52]  henriquecastro08: gg
[23:02:52]  luzyus: !oi boa noite Colono e chat
[23:02:52]  raulzin9090: colono caio primeiro
[23:02:59]  iluzen: tecnicamente, nao sei
[23:02:59]  danxi_realoficial: !delicia
[23:02:59]  dididhb: !so7fdp
[23:03:05]  daniceto_: !gg
[23:03:05]  daniceto_: !gg
[23:03:05]  daniceto_: !gg
[23:03:06]  daniceto_: !gg
[23:03:06]  daniceto_: !gg
[23:03:06]  daniceto_: !gg
[23:03:07]  henriquecastro08: ele foi a causa de morte, mas os dois morreram juntos Ent n valeu
[23:03:08]  mathjoestarr: Colono é o veio também Joga
[23:03:09]  snowzonkg: o pai tambem joga versao idosa kskskksks
[23:03:12]  dididhb: !oi @daniceto_
[23:03:17]  matapatoofficial: !gg
[23:03:17]  colonogamer: You must be a Subscriber - Tier 1 to do this.
[23:03:22]  danxi_realoficial: !quegostoso
[23:03:26]  ryanpiressilva: !gg
[23:03:26]  colonogamer: You must be a Subscriber - Tier 1 to do this.
[23:03:33]  luzyus: !oi
[23:03:34]  pathfinder3mil: colonoNinja
[23:03:34]  kiluart56: ¡gg
[23:03:38]  dididhb: Oi tudo mundo
[23:03:38]  pathfinder3mil: colonoNinja colonoNinja colonoNinja colonoNinja
[23:03:42]  snowzonkg: colonogamer e essa barba azul ai? kksksksks
[23:03:44]  daniceto_: !oi gg
[23:03:47]  galexander17: mds que dublagem é essa KKKKKKK
[23:03:48]  daniceto_: digo
[23:03:50]  dididhb: !oi
[23:03:51]  rebelnomad: oi gentemmm
[23:03:51]  daniceto_: !oi Dididhb
[23:03:52]  danxi_realoficial: !pintinho
[23:04:01]  sophie_hailyyy: Mais mocinho
[23:04:02]  juniorkotelak: ta mais chris do 1
[23:04:03]  henriquecastro08: ele foi a causa de morte, mas os dois morreram juntos Ent n valeu
[23:04:11]  adriano_rod: específico
[23:04:14]  raulzin9090: !pau
[23:04:15]  colonogamer: Quem não gosta de uma paulada gostosa na cara!!
[23:04:16]  daniceto_: se nao valeu entao vale a proxima
[23:04:18]  dididhb: @daniceto_ kkkkkkk mas eu entendi
[23:04:26]  vandepcaiuvandepcaiu: Essa dublagem é medonha
[23:04:32]  math_oliveira_: tbm pra ficar mais forte q isso so o coleman
[23:04:36]  stmjj: kkkkk n da para aguentar essa dub
[23:04:37]  henriquecastro08: Que dublagem é essa mano kkkkkkkkk
[23:04:40]  daniceto_: !como
[23:04:41]  daniceto_: !como
[23:04:41]  daniceto_: !como
[23:04:41]  daniceto_: !como
[23:04:44]  victorcrispim: Cuidado com o excesso de pigas com o energetico colono!
[23:04:46]  danxi_realoficial: !safadeza
[23:04:48]  juniorkotelak: mds
[23:04:52]  conta_t: Jebaited
[23:04:55]  mathjoestarr: tirou a cam obrigado Deus
[23:04:56]  danxi_realoficial: !deselegante
[23:04:56]  luzyus: Jill é MARA
[23:04:59]  bigodinbrabo: !safadeza
[23:04:59]  sophie_hailyyy: KKKKKKKKK
[23:05:04]  wannderson: kkkkkkkkkkkk
[23:05:06]  fumante_consciente: Kappa
[23:05:08]  crb_diegobh: !oi
[23:05:13]  snowzonkg: o pai tambem joga versao idosa desabilitou a camera ksksks
[23:05:16]  dididhb: !soseti
[23:05:44]  dididhb: !soseti i
[23:05:49]  mathjoestarr: Colono gamer que dia vai ter dbd????
[23:05:50]  sophie_hailyyy: essa eh chatinha
[23:06:03]  math_oliveira_: ta no começo/ meio ainda ne
[23:06:04]  dididhb: !soseti
[23:06:12]  daniceto_: !como
[23:06:12]  daniceto_: !como
[23:06:13]  daniceto_: !como
[23:06:13]  daniceto_: !como
[23:06:13]  fumante_consciente: !oi
[23:06:13]  lukaaraujo10: Q isso
[23:06:14]  mathjoestarr: o
[23:06:16]  conta_t: kkkk
[23:06:17]  guiimedeiiros: !mentiroso
[23:06:17]  sophie_hailyyy: olha ela aí
[23:06:17]  danxi_realoficial: esse barco me lembra o filme crododilo dunge, sei la como se escreve
[23:06:19]  dididhb: !como
[23:06:19]  luzyus: what?
[23:06:20]  filipefbezerrabr: !delicia
[23:06:22]  dididhb: !oque
[23:06:23]  henriquecastro08: mds kkkkkkkkkkk
[23:06:25]  zeca_paugordinho_z: !safadeza
[23:06:27]  sepulcrumsumus: !oi
[23:06:30]  dididhb: !oque e
[23:06:31]  downn10: qe
[23:06:36]  sophie_hailyyy: Matrix
[23:06:46]  snowzonkg: o chineisin ta jogando com vc colono?
[23:06:48]  rebelnomad: neo aí
[23:06:48]  dididhb: !piroca
[23:06:53]  tiubigode: Wesker é o proprio matrix
[23:06:55]  mathjoestarr: colono a coluna tá boa?
[23:07:13]  danxi_realoficial: o moço eh um vampiro?
[23:07:20]  danxi_realoficial: !viagem
[23:07:31]  taylorselbst: olha esse velhos ScaredyCat hayaTendi
[23:07:37]  reche1600: Então quem venceria, Wesker ou Ciri?
[23:07:43]  mathjoestarr: colono como foi ver os dinossauros?
[23:07:46]  lukaaraujo10: F
[23:07:49] mathjoestarr has been permanently banned. 
[23:07:50]  guiimedeiiros: !efi
[23:07:56]  sophie_hailyyy: KKKKKKKKKK
[23:07:57]  galexander17: mds kkkkkkkkk
[23:08:02]  stmjj: fiu ?
[23:08:10]  sophie_hailyyy: ciúmes
[23:08:16]  xxshadowx666: que voz estranha pro chris
[23:08:18]  lukaaraujo10: !efi
[23:08:18]  colonogamer: You must be a Subscriber - Tier 1 to do this.
[23:08:19]  danxi_realoficial: e carlos?
[23:08:23]  adriano_rod: tio?
[23:08:30]  vandepcaiuvandepcaiu: Eu to passando mto mal com essa dub
[23:08:32]  adriano_rod: tiiiiiiiiiiiiiiiiiiiiiiiiiiio
[23:08:33]  henriquecastro08: essa dublagem é horrível cara, como aceitaram lançar assim
[23:08:39]  xxshadowx666: LUL LUL
[23:08:42]  sophie_hailyyy: esse Chris parece o Shao khan
[23:08:42]  sweettempestt: !jeffri
[23:08:44]  zrafitto: polêmicos
[23:08:50]  juniorkotelak: sheva com voz de menina de 12 anos
[23:08:51]  cuplatinadu: kkkkkkkkkkkkkkkk
[23:08:52]  zrafitto: @sophie_hailyyy verdade
[23:09:05]  cuplatinadu: essa dubragi meu deus kkkkkkkk
[23:09:06]  lucassouto: tá parecendo mad Max com essa roupa
[23:09:09]  juniorkotelak: kkkkkkkkkkkkkk
[23:09:13]  rmlexxus: velho carregando o velho?
[23:09:15]  danxi_realoficial: kakaka
[23:09:16]  danxi_realoficial: !doc
[23:09:16]  galexander17: irmäos
[23:09:21]  sophie_hailyyy: kkkkkkkkkkk
[23:09:23]  dovahhbeer2: o chris é carioca?
[23:09:28]  raulzin9090: como gil morreu msm
[23:09:37]  zrafitto: !cudovandep
[23:09:38]  daniceto_: !como
[23:09:38]  colonogamer: You must be a Subscriber - Tier 1 to do this.
[23:09:38]  daniceto_: !como
[23:09:38]  daniceto_: !como
[23:09:38]  daniceto_: !como
[23:09:41]  leojackz: @henriquecastro08 é dub feita por fãs
[23:09:41]  danxi_realoficial: !delicia
[23:09:41]  lucas3hunna: Kreygasm Kreygasm Kreygasm Kreygasm Kreygasm
[23:09:47]  dididhb: !soseti
[23:09:53]  danxi_realoficial: !quegostoso
[23:10:03]  dididhb: !delicia
[23:10:13]  henriquecastro08: @leojackz pode crer kkkkkkkkk
[23:10:25]  taylorselbst: hayaKEK
[23:10:49]  juniorkotelak: KEKW
[23:10:53]  rebelnomad: mds colono kkkkkkkkkkk
[23:11:01]  adriano_rod: kkkkkkkkkkkkkkkkkkkkk
[23:11:22]  danxi_realoficial: perae.... onde se passa ojogo?
[23:11:27]  sophie_hailyyy: kkkkkkkkkkkkkk
[23:11:32]  bigodinbrabo: !audios
[23:11:33]  colonogamer: Apenas os subs podem sonzinhos pra bugar o Colono nas lives. Confira os áudios -> https://bit.ly/audios_colono
[23:11:34]  danxi_realoficial: vacinados
[23:11:35]  filipefbezerrabr: na africa
[23:11:37]  sophie_hailyyy: África
[23:11:40]  galexander17: kkkkkkkkkkk
[23:11:41]  juniorkotelak: kkkkkkkkkkkkk
[23:11:42]  kittov: Kkkkkkkkkkkkkkkkkkk
[23:11:43]  danxi_realoficial: !burro1
[23:11:44]  sophie_hailyyy: g
[23:11:44]  guiimedeiiros: !efi
[23:11:45]  bigodinbrabo: kkkkkkkkkkkkkkkkk
[23:11:45]  sweettempestt: putz
[23:11:46]  iluzen: uhsauhasuhasuhas
[23:11:46]  v1nig: LUL LUL LUL LUL LUL
[23:11:46]  wannderson: kkkkkkkkkkkkkkk
[23:11:47]  sophie_hailyyy: gg
[23:11:48]  andreyzoka2: kkkkkkkkkk
[23:11:49]  iluzen: !gg
[23:11:53]  daniceto_: vou pagar a apostinha
[23:11:54]  zeca_paugordinho_z: Ganheeii
[23:11:55]  reche1600: kkkkkkkkkkkkkkkkkkkkkoo
[23:11:55]  daniceto_: vou pagar a apostinha
[23:11:56]  daniceto_: vou pagar a apostinha
[23:11:56]  daniceto_: vou pagar a apostinha
[23:11:57]  sweettempestt: f total
[23:11:57]  lucaskingstv: !oi
[23:11:58]  gameswebster_: Não é possível kk
[23:12:03]  henriquecastro08: ganhei kkkkkkkkkk
[23:12:04]  iluzen: !morrer
[23:12:07]  bigodinbrabo: ja faz outra em seguida @daniceto_
[23:12:09]  sophie_hailyyy: sabia que so7 ia fazer merda
[23:12:19]  raulzin9090: kkkkkkkkkkkkkkkkkkkkkkkkkkso7
[23:12:35]  danxi_realoficial: pensei q existisse esse barco so na australia
[23:12:42]  henriquecastro08: Sacanagem
[23:12:46]  taylorselbst: essa parte eh hayaGrassado hayaKEK hayaKEK hayaKEK
[23:13:08]  rebelnomad: vesgolono
[23:13:35]  daniceto_: apostinha rapida hein
[23:13:35]  daniceto_: apostinha rapida hein
[23:13:36]  daniceto_: apostinha rapida hein
[23:13:44]  zeca_paugordinho_z: Veganolono, só usa erva e não como o ovo!!!!
[23:14:14]  rebelnomad: oq q é dbd??
[23:14:26]  danxi_realoficial: xeba xeba xeba
[23:14:28]  sophie_hailyyy: kkkkkkkkk
[23:14:28]  raulzin9090: cuidado com os cocodilo kkkkkkk
[23:14:51]  henriquecastro08: tentar novamente
[23:14:56]  moretts06: !dando3
[23:15:18]  crb_diegobh: !oi
[23:15:25]  rmllu: tem o master reset
[23:15:38] mathjoestarr has been permanently banned. 
[23:15:55]  soled_by_eu1234: !oi
[23:16:02]  henriquecastro08: ih rapaz
[23:16:12]  rmllu: !entalado
[23:16:43]  daniceto_: O FUTURO É MEU OVOOOOOOOOOOO
[23:16:50]  juniorkotelak: deu ruim
[23:16:55]  paidokenan: alguem ja jogou dbd no celular?
[23:17:02]  paidokenan: eu baixei agr
[23:17:09]  daniceto_: so7 full mutado
[23:17:14]  taylorselbst: o futuro eh meu ovo 🥚
[23:17:20]  downn10: so7 tá mutado e nao sabe
[23:17:22]  daniceto_: !naofala so7 full mutado
[23:17:26]  soled_by_eu1234: @colonogamer mostra pra esses ganados que eles estão ENganados em quererem tretar com vcs jefffBigode
[23:17:29]  henriquecastro08: so7 full mutado
[23:17:49]  ironpower1337: j
[23:17:55]  sophie_hailyyy: qqqq
[23:18:12]  sophie_hailyyy: f
[23:18:35]  juniorkotelak: tpm
[23:18:55]  taylorselbst: tpm TPFufun
[23:19:05]  sophie_hailyyy: tpm
[23:19:17]  crb_diegobh: kkkk
[23:19:18]  daniceto_: !pare
[23:19:23]  soled_by_eu1234: kkkkkkkkkkkkkkkkkkk
[23:19:25]  tony__stark1: Tinha emblema nessa parte
[23:19:25]  raulzin9090: !
[23:19:25]  alevixgamer2020: desafio r5 veteran aleatório, só pistolas,uma laranja,a cada 40 min depois um limão a cad 40 min e assim vai até zerar??????????
[23:19:40]  raulzin9090: !pau doropoo
[23:19:40]  colonogamer: Quem não gosta de uma paulada gostosa na cara!!
[23:19:53]  sophie_hailyyy: as 30
[23:19:59]  lucassouto: adoro
[23:20:01]  loucarboneraa: começaram a muito tempo?
[23:20:19]  daniceto_: hoje? uns 20 min
[23:20:24]  cuplatinadu: D:
[23:20:30]  daniceto_: comecaram ontem de madrugada as 2h
[23:20:36]  loucarboneraa: Ah suave então
[23:20:44]  loucarboneraa: ontem eu acompanhei até o final
[23:20:55]  loucarboneraa: bom q eu n cheguei tarde
[23:20:55]  sophie_hailyyy: kkkkkkkkkk
[23:21:11]  henriquecastro08: tem fogo amigo?
[23:21:22]  danxi_realoficial: !vaidamerda
[23:21:25]  galexander17: abre o mapa colono
[23:21:27]  biiieerxpg: quem é o líder da dupla?
[23:21:38]  lucassouto: !naoconsegue
[23:21:41]  sophie_hailyyy: so7
[23:21:57]  soled_by_eu1234: @henriquecastro08 não, mas o amigo tem fogo
[23:22:16]  frankwoodsops: Multiplayer do RE5 só tem no PC?
[23:22:22]  danxi_realoficial: !safadeza
[23:22:24]  daniceto_: !pare
[23:22:28]  henriquecastro08: @soled_by_eu1234 pdp kkkkkk
[23:22:38]  soled_by_eu1234: @frankwoodsops acho q n, pq eu no PS3 jogava com o meu irmão
[23:22:45]  sophie_hailyyy: nn @frankwoodsops
[23:23:00]  taylorselbst: no 360 tbm tinha mp
[23:23:06]  sophie_hailyyy: ss
[23:23:07]  soled_by_eu1234: mas jogávamos no mesmo PS3, e era um porra Kappa
[23:23:28]  caiof42: !como
[23:23:38]  sophie_hailyyy: blzzz
[23:23:47]  frankwoodsops: @soled_by_eu1234 vlw mano
[23:23:47]  danxi_realoficial: tem experiencia
[23:23:55]  soled_by_eu1234: @frankwoodsops dnd
[23:24:06]  frankwoodsops: @sophie_hailyyy vlw
[23:24:12]  jefcash: morreu
[23:24:13]  danxi_realoficial: !boom
[23:24:49]  camis____: hayaCego
[23:24:54]  daniceto_: !morrer
[23:24:55]  juniorkotelak: bulita
[23:24:55]  sophie_hailyyy: @frankwoodsops noix
[23:24:56]  biiieerxpg: slug
[23:25:03]  gustavogordinhotl: bolota de bulita
[23:25:14]  crismin441o: balote
[23:25:19]  daniceto_: !quase
[23:25:27]  soled_by_eu1234: sheva n era uma heroína de alfum desenho ae?
[23:25:30]  reche1600: "bolota de bulita" Gamer, Colono.
[23:25:35]  soled_by_eu1234: a n, era sheeva né?
[23:25:40]  soled_by_eu1234: esquece
[23:25:47]  caiof42: a 12 atira bola de gude
[23:26:28]  sophie_hailyyy: fofo
[23:26:43]  danxi_realoficial: !naosei
[23:26:54]  soled_by_eu1234: enguia?
[23:26:56]  sophie_hailyyy: baleia jr
[23:26:57]  jefcash: o pequeno é uma piranha kkkk tem dente
[23:27:02]  galexander17: salamandra jr do re4
[23:27:11]  viniciuuuzz: 2008 + 1
[23:27:16]  taylorselbst: é um celacanto
[23:27:25]  berninileo: !Oi
[23:27:28]  bummma: vival
[23:27:43]  izaellacamp: !oi gente e colono
[23:27:57]  danxi_realoficial: !quegostoso
[23:28:08]  kopguy: !oi
[23:28:19]  taylorselbst: !oi ^_^
[23:28:25]  gusta8th: !oi
[23:28:28]  soled_by_eu1234: !oi
[23:28:54]  zeca_paugordinho_z: !quero
[23:28:55]  igormukeka11: !oi
[23:29:04]  downn10: kkkkkkkkkkkkk
[23:29:10]  alessandro2255: kkkkkkkkkkkkkkk
[23:29:15]  galexander17: abre o mapa colono
[23:29:16]  deivinnnn: tiroteio em live twitch.com/dharokv
[23:29:16]  sophie_hailyyy: kkkkkkkkkkkkk
[23:29:22] deivinnnn has been permanently banned. 
[23:29:27]  xprestom: hayaBrincadeira
[23:29:28]  bummma: e essa orbe rosa de vcs onde vcs conseguiram?
[23:29:34]  joao_com_j_de_jumento: !oigentem
[23:29:40]  henriquecastro08: aposta
[23:29:52]  taylorselbst: apostinha
[23:30:04]  lovemypancreas: boa noite colono
[23:30:28]  daniceto_: !errou passou um item
[23:30:29]  daniceto_: !errou passou um item
[23:30:29]  daniceto_: !errou passou um item
[23:30:30]  jjaozx: um cuzudo kkkkk
[23:30:57]  igormukeka11: kkkkkkkkkkkkkkk gastando toda munição
[23:31:09]  math_oliveira_: colono to com pouca bala. colono matando urubu
[23:31:16]  danxi_realoficial: !balinha
[23:33:01]  daniceto_: !boom
[23:33:17]  crb_diegobh: PogChamp
[23:33:21]  joao_com_j_de_jumento: !audios
[23:33:22]  colonogamer: Apenas os subs podem sonzinhos pra bugar o Colono nas lives. Confira os áudios -> https://bit.ly/audios_colono
[23:33:35]  rebelnomad: vesgolono em ação
[23:33:36]  daniceto_: !quase
[23:33:52]  daniceto_: !morrer
[23:33:53]  danxi_realoficial: teimoso
[23:33:53]  daniceto_: !morrer
[23:33:53]  daniceto_: !morrer
[23:33:54]  daniceto_: !morrer
[23:33:55]  sweettempestt: gg
[23:33:56]  bigodinbrabo: kkkkkkkkkkkkkkkkkkk
[23:33:58]  alessandro2255: kkkkkkkkkkkkkkkkkkkkkkkk
[23:34:04]  rebelnomad: BURRO
[23:34:18]  daniceto_: !ahnao
[23:34:21]  joao_com_j_de_jumento: !morrer
[23:34:29]  bigodinbrabo: !morrer
[23:34:42]  daniceto_: !danabunda
[23:34:46]  joao_com_j_de_jumento: !morreu
[23:34:46]  danxi_realoficial: !pqp
[23:34:49]  bigodinbrabo: !danabunda
[23:35:12]  henriquecastro08: quase que ganho a aposta
[23:35:20]  daniceto_: !balinha
[23:35:31]  rebelnomad: tmp
[23:35:47]  taylorselbst: quase ScaredyCat
[23:36:30]  iagosbroglio: !faz
[23:36:33]  iagosbroglio: !faz
[23:36:35]  iagosbroglio: !faz
[23:36:46]  daniceto_: !paunocu IagoSbroglio
[23:36:54]  iagosbroglio: !exatamente @daniceto_
[23:38:32]  gustavogordinhotl: !audios
[23:38:33]  colonogamer: Apenas os subs podem sonzinhos pra bugar o Colono nas lives. Confira os áudios -> https://bit.ly/audios_colono
[23:38:39]  galexander17: abre o mapa
[23:39:43]  mlk_game: colono reforma a pistola no max q ela fica boa
[23:39:51]  raulzin9090: !pau
[23:39:52]  colonogamer: Quem não gosta de uma paulada gostosa na cara!!
[23:39:52]  tony__stark1: Rb colono
[23:40:01]  zeca_paugordinho_z: !dinheiro
[23:40:13]  raulzin9090: !comandos
[23:40:15]  colonogamer: --> !audios !canal !clip !comandoGTA !dicas !discord !followage !gorjeta !pau !pagando !produção !sub !uptime !twitter - use com sapiência.
[23:41:31]  mlk_game: hayaEZ hayaEZ hayaEZ hayaEZ hayaEZ
[23:42:22]  romeuto: Vai dá uma chance pro Dead Space algum dia na live colonete ?
[23:42:41]  raulzin9090: !dicas
[23:42:41]  colonogamer: Playlist com dicas para Killer e Sobrevivente https://www.youtube.com/playlist?list=PLX_02Jd8_UW0bNegv1c0dLCFNfK6DH_ne
[23:42:46]  yvodkaii: !oi
[23:42:46]  daniceto_: armas todas tunadas, mas sem municao
[23:43:01]  gabriel_jatob: cadê Mota e Mora?
[23:43:18]  taskgroup_cm: colonoNinja
[23:43:21]  sepulcrumsumus: Dead Space seria massa de assistir mesmo
[23:43:35]  patr1074: cheguei
[23:43:40]  patr1074: !oi
[23:43:46]  filipefbezerrabr: Dead Space da uns sustinhos
[23:43:58]  raulzin9090: !oi
[23:44:21]  zxandaokruger: !oi
[23:45:01]  zxandaokruger: Colono se jogasse subnautica ia ficar viciadasso ¯\_(ツ)_/¯
[23:45:13]  joao_com_j_de_jumento: !so7fdp
[23:45:17]  daniceto_: !Vaidarmerda
[23:45:39]  ator_pago: !confia
[23:45:45]  zxandaokruger: !confia
[23:46:00]  zxandaokruger: !oi @daniceto_
[23:46:05]  luizclaudio2307: dica util, usa mais o quickturn
[23:46:06]  daniceto_: !oi zXandaoKruger
[23:46:15]  daniceto_: full mutado
[23:46:16]  daniceto_: full mutado
[23:46:20]  daniceto_: so7
[23:46:54]  zxandaokruger: !skillcheck
[23:47:08]  ator_pago: !confia
[23:47:11]  joao_com_j_de_jumento: !vaimorrer
[23:47:11]  danxi_realoficial: !coracao
[23:47:16]  daniceto_: !oni
[23:47:28]  danxi_realoficial: !deselegante
[23:47:30]  daniceto_: !oni
[23:47:32]  henriquecastro08: será que ganho a aposta agora
[23:47:35]  zxandaokruger: !skillcheck
[23:47:41]  math_oliveira_: a lingua
[23:47:58]  danxi_realoficial: !doc
[23:48:00]  joao_com_j_de_jumento: !morri
[23:48:01]  daniceto_: !efi
[23:48:01]  ator_pago: !burro
[23:48:01]  daniceto_: !efi
[23:48:02]  sepulcrumsumus: f
[23:48:03]  neves_brasil: F
[23:48:03]  jhonatan_zn: f
[23:48:04]  kittov: Dpp?
[23:48:05]  daniceto_: DPP?
[23:48:05]  bigodinbrabo: !efi
[23:48:07]  loucarboneraa: f
[23:48:08]  obelisko_: f
[23:48:11]  mekeberss: f
[23:48:13]  xprestom: hayaDPP
[23:48:13]  allan_1202: f
[23:48:13]  f__nando: f
[23:48:16]  danxi_realoficial: !japanaoconsegue
[23:48:19]  neves_brasil: hayaDPP hayaDPP hayaDPP hayaDPP
[23:48:19]  ator_pago: !chupa
[23:48:37]  zxandaokruger: !confia
[23:48:39]  joaogabriel365: colono te amo
[23:48:57]  taylorselbst: boa Colono TPFufun
[23:49:14]  daniceto_: RE4?
[23:49:15]  daniceto_: !sad
[23:49:31]  lucas_rabatisk: !oi Colono
[23:49:51]  danxi_realoficial: !quero
[23:50:03]  danxi_realoficial: !facil
[23:50:03]  zxandaokruger: Colono tu jogou hellblade em live?
[23:50:05]  zeca_paugordinho_z: Jirabóia!!!!!
[23:50:07]  filipefbezerrabr: !delicia
[23:50:13]  joao_com_j_de_jumento: !piroca
[23:50:13]  romeuto: Tem a Jiraboia
[23:50:21]  zxandaokruger: !pirocupante
[23:50:29]  kittov: jefffBigode
[23:51:32]  daniceto_: !sumiu
[23:51:37]  joaogabriel365: mas o da steam é como se fosse o de ps2 ne
[23:52:05]  viniciuuuzz: se não me engano o da steam é port do gamecube
[23:52:12]  adilmarques: @ColonoGamer mas tem um mod feitos por espanhóis que deixa o RE4 show tbm
[23:52:20]  igormukeka11: kkkkkkkkkkkkkkk
[23:52:21]  joaogabriel365: na minha opiniao envelheceu bem o 4
[23:52:22]  daniceto_: !ahnao
[23:52:24]  zxandaokruger: !fdpso7
[23:52:34]  daniceto_: !errou zXandaoKruger
[23:52:36]  zeca_paugordinho_z: !so7fdp
[23:52:37]  zxandaokruger: Investi
[23:52:39]  daniceto_: !so7fdp
[23:52:44]  zxandaokruger: Inverti 🤣
[23:52:45]  ator_pago: !so7fdp
[23:52:54]  daniceto_: ou entao
[23:52:55]  daniceto_: !inteiro
[23:53:44]  joao_com_j_de_jumento: !voudar
[23:53:56]  zxandaokruger: !Jadeijapa
[23:54:14]  henriquecastro08: so7 com pouca vida, ele n pode morrer
[23:54:38]  daniceto_: !billy2
[23:54:48]  daniceto_: !billy
[23:54:55]  joao_com_j_de_jumento: !vaimorrer
[23:55:02]  daniceto_: !billy2
[23:55:08]  zeca_paugordinho_z: Cagão... hahahaha
[23:55:14]  daniceto_: !billy
[23:55:21]  zxandaokruger: !billy2
[23:55:34]  daniceto_: !coracao
[23:55:37]  daniceto_: !billy
[23:55:52]  daniceto_: !billy
[23:55:54]  pintobento: é no easy?
[23:55:56]  daniceto_: !billy2
[23:55:59]  zxandaokruger: !cagao
[23:56:11]  henriquecastro08: Mas esse bicho é vesgo em
[23:56:19]  daniceto_: !billy2
[23:56:22]  pintobento: ne
[23:56:23]  filipefbezerrabr: !morre
[23:56:28]  daniceto_: !billy
[23:56:30]  daniceto_: !balinha
[23:56:36]  henriquecastro08: tá em que dificuldade?
[23:56:40]  daniceto_: !balinha
[23:56:45]  daniceto_: !burro1
[23:56:46]  pedrovictorz: !burro
[23:56:47]  zxandaokruger: !burro
[23:56:48]  colonogamer: You must be a Subscriber - Tier 1 to do this.
[23:56:49]  filipefbezerrabr: !burro1
[23:57:21]  giohnjohnson: Krl o próprio colono é o bot do chat
[23:57:24]  newbrunno: !audios
[23:57:24]  silverssll: alguem manda a multi stream pls
[23:57:26]  colonogamer: Apenas os subs podem sonzinhos pra bugar o Colono nas lives. Confira os áudios -> https://bit.ly/audios_colono
[23:57:26]  galexander17: que delícia
[23:57:29]  zxandaokruger: Futuro e meu ovo
[23:57:40]  leofrontelli011: Boa noite fml
[23:57:58]  daniceto_: !billy
[23:58:00]  henriquecastro08: boa
[23:58:20]  daniceto_: !billy2
[23:58:33]  pedrovictorz: Combadasso
[23:58:35]  daniceto_: !billy2
[23:58:41]  daniceto_: !billy
[23:58:42]  allancarllos: oi colonu meu velho predileto
[23:58:43]  ator_pago: !boom1
[23:59:20]  jegordinario: giroule
[23:59:45]  kiuz94: what's the difficulty?
[23:59:53]  ator_pago: !boom1
[23:59:54]  igormukeka11: !pormal
[23:59:54]  colonogamer: You must be a Subscriber - Tier 1 to do this.
